[ 2014-03-13T15:21:11+08:00 ] 127.0.0.1 /6/lost_and_found/index.php
INFO: [ app_begin ] --START--
INFO: Run Behavior\ReadHtmlCache [ RunTime:0.032016s ]
INFO: [ app_begin ] --END-- [ RunTime:0.112695s ]
INFO: [ view_parse ] --START--
INFO: [ template_filter ] --START--
INFO: Run Behavior\ContentReplace [ RunTime:0.000226s ]
INFO: [ template_filter ] --END-- [ RunTime:0.000368s ]
INFO: Run Behavior\ParseTemplate [ RunTime:0.286545s ]
INFO: [ view_parse ] --END-- [ RunTime:0.286776s ]
INFO: [ view_filter ] --START--
INFO: Run Behavior\WriteHtmlCache [ RunTime:0.066983s ]
INFO: [ view_filter ] --END-- [ RunTime:0.067122s ]
INFO: [ app_end ] --START--
INFO: Run Behavior\ShowPageTrace [ RunTime:0.016560s ]
INFO: [ app_end ] --END-- [ RunTime:0.016749s ]

[ 2014-03-13T15:21:31+08:00 ] 127.0.0.1 /6/lost_and_found/index.php/Home/AddContent/index
INFO: [ app_begin ] --START--
INFO: Run Behavior\ReadHtmlCache [ RunTime:0.000598s ]
INFO: [ app_begin ] --END-- [ RunTime:0.001108s ]
SQL: SHOW COLUMNS FROM `loses` [ RunTime:1.562024s ]
NOTIC: [8] Undefined variable: losesTable D:\web\wamp\www\6\lost_and_found\Application\Home\Model\AddContentModel.class.php 第 11 行.
SQL: SHOW COLUMNS FROM `picks` [ RunTime:0.115088s ]
NOTIC: [8] Undefined variable: picksTable D:\web\wamp\www\6\lost_and_found\Application\Home\Model\AddContentModel.class.php 第 12 行.
NOTIC: [8] Undefined variable: losesTable D:\web\wamp\www\6\lost_and_found\Application\Home\Model\AddContentModel.class.php 第 47 行.
SQL: select lose_id from loses order by lose_id desc limit 1 [ RunTime:0.078210s ]
NOTIC: [8] Undefined variable: picksTable D:\web\wamp\www\6\lost_and_found\Application\Home\Model\AddContentModel.class.php 第 56 行.
SQL: select pick_id from picks order by pick_id desc limit 1 [ RunTime:0.000600s ]
NOTIC: [8] Undefined variable: losesTable D:\web\wamp\www\6\lost_and_found\Application\Home\Model\AddContentModel.class.php 第 70 行.
SQL: select update_time from loses 
			where ((type = 'stationery' or type = 'electronic' or type = 'card' or type = 'money' or type = 'keys' or type = 'others')) 
			and if_find=false 
			and lose_id < 10 
			order by lose_id desc limit 1 [ RunTime:0.074090s ]
NOTIC: [8] Undefined variable: picksTable D:\web\wamp\www\6\lost_and_found\Application\Home\Model\AddContentModel.class.php 第 82 行.
SQL: select update_time from picks 
			where ((type = 'stationery' or type = 'electronic' or type = 'card' or type = 'money' or type = 'keys' or type = 'others')) 
			and if_give_back=false 
			and pick_id < 60 
			order by pick_id desc limit 1 [ RunTime:0.003673s ]
NOTIC: [8] Undefined variable: picksTable D:\web\wamp\www\6\lost_and_found\Application\Home\Model\AddContentModel.class.php 第 140 行.
SQL: select pick_id,thing_name,place,datetime,thing_describe,picture_name,type 
					from picks where ((type = 'stationery' or type = 'electronic' or type = 'card' or type = 'money' or type = 'keys' or type = 'others')) 
					and if_give_back=false 
					and pick_id < 60 
					order by update_time desc,pick_id desc limit 1 [ RunTime:0.032437s ]
NOTIC: [8] Undefined variable: picksTable D:\web\wamp\www\6\lost_and_found\Application\Home\Model\AddContentModel.class.php 第 165 行.
SQL: select update_time from picks 
					where ((type = 'stationery' or type = 'electronic' or type = 'card' or type = 'money' or type = 'keys' or type = 'others')) 
					and if_give_back=false 
					and pick_id < 59 
					order by pick_id desc limit 1 [ RunTime:0.001023s ]
NOTIC: [8] Undefined variable: picksTable D:\web\wamp\www\6\lost_and_found\Application\Home\Model\AddContentModel.class.php 第 140 行.
SQL: select pick_id,thing_name,place,datetime,thing_describe,picture_name,type 
					from picks where ((type = 'stationery' or type = 'electronic' or type = 'card' or type = 'money' or type = 'keys' or type = 'others')) 
					and if_give_back=false 
					and pick_id < 59 
					order by update_time desc,pick_id desc limit 1 [ RunTime:0.001148s ]
NOTIC: [8] Undefined variable: picksTable D:\web\wamp\www\6\lost_and_found\Application\Home\Model\AddContentModel.class.php 第 165 行.
SQL: select update_time from picks 
					where ((type = 'stationery' or type = 'electronic' or type = 'card' or type = 'money' or type = 'keys' or type = 'others')) 
					and if_give_back=false 
					and pick_id < 58 
					order by pick_id desc limit 1 [ RunTime:0.000865s ]
NOTIC: [8] Undefined variable: picksTable D:\web\wamp\www\6\lost_and_found\Application\Home\Model\AddContentModel.class.php 第 140 行.
SQL: select pick_id,thing_name,place,datetime,thing_describe,picture_name,type 
					from picks where ((type = 'stationery' or type = 'electronic' or type = 'card' or type = 'money' or type = 'keys' or type = 'others')) 
					and if_give_back=false 
					and pick_id < 58 
					order by update_time desc,pick_id desc limit 1 [ RunTime:0.001158s ]
NOTIC: [8] Undefined variable: picksTable D:\web\wamp\www\6\lost_and_found\Application\Home\Model\AddContentModel.class.php 第 165 行.
SQL: select update_time from picks 
					where ((type = 'stationery' or type = 'electronic' or type = 'card' or type = 'money' or type = 'keys' or type = 'others')) 
					and if_give_back=false 
					and pick_id < 57 
					order by pick_id desc limit 1 [ RunTime:0.000658s ]
NOTIC: [2] getimagesize(Public/pictures/picks/59.jpg): failed to open stream: No such file or directory D:\web\wamp\www\6\lost_and_found\Application\Home\Controller\AddContentController.class.php 第 33 行.
NOTIC: [8] Undefined index: content D:\web\wamp\www\6\lost_and_found\Application\Home\Controller\AddContentController.class.php 第 52 行.
INFO: [ view_parse ] --START--
INFO: [ template_filter ] --START--
INFO: Run Behavior\ContentReplace [ RunTime:0.000066s ]
INFO: [ template_filter ] --END-- [ RunTime:0.000179s ]
INFO: Run Behavior\ParseTemplate [ RunTime:0.055677s ]
INFO: [ view_parse ] --END-- [ RunTime:0.055761s ]
INFO: [ view_filter ] --START--
INFO: Run Behavior\WriteHtmlCache [ RunTime:0.000370s ]
INFO: [ view_filter ] --END-- [ RunTime:0.000457s ]
NOTIC: [2] getimagesize(Public/pictures/picks/58.jpg): failed to open stream: No such file or directory D:\web\wamp\www\6\lost_and_found\Application\Home\Controller\AddContentController.class.php 第 33 行.
INFO: [ view_parse ] --START--
INFO: [ template_filter ] --START--
INFO: Run Behavior\ContentReplace [ RunTime:0.000052s ]
INFO: [ template_filter ] --END-- [ RunTime:-0.004559s ]
INFO: Run Behavior\ParseTemplate [ RunTime:0.003510s ]
INFO: [ view_parse ] --END-- [ RunTime:-0.000970s ]
INFO: [ view_filter ] --START--
INFO: Run Behavior\WriteHtmlCache [ RunTime:0.000021s ]
INFO: [ view_filter ] --END-- [ RunTime:-0.004341s ]
NOTIC: [2] getimagesize(Public/pictures/picks/57.jpg): failed to open stream: No such file or directory D:\web\wamp\www\6\lost_and_found\Application\Home\Controller\AddContentController.class.php 第 33 行.
INFO: [ view_parse ] --START--
INFO: [ template_filter ] --START--
INFO: Run Behavior\ContentReplace [ RunTime:0.000065s ]
INFO: [ template_filter ] --END-- [ RunTime:-0.009772s ]
INFO: Run Behavior\ParseTemplate [ RunTime:0.004003s ]
INFO: [ view_parse ] --END-- [ RunTime:-0.005408s ]
INFO: [ view_filter ] --START--
INFO: Run Behavior\WriteHtmlCache [ RunTime:0.000021s ]
INFO: [ view_filter ] --END-- [ RunTime:-0.009024s ]
INFO: [ app_end ] --START--
INFO: Run Behavior\ShowPageTrace [ RunTime:0.000869s ]
INFO: [ app_end ] --END-- [ RunTime:0.001010s ]

[ 2014-03-13T15:21:54+08:00 ] 127.0.0.1 /6/lost_and_found/index.php/Home/Manage/index
INFO: [ app_begin ] --START--
INFO: Run Behavior\ReadHtmlCache [ RunTime:0.001259s ]
INFO: [ app_begin ] --END-- [ RunTime:0.019193s ]
INFO: [ view_parse ] --START--
INFO: [ template_filter ] --START--
INFO: Run Behavior\ContentReplace [ RunTime:0.000097s ]
INFO: [ template_filter ] --END-- [ RunTime:0.000244s ]
INFO: Run Behavior\ParseTemplate [ RunTime:0.033751s ]
INFO: [ view_parse ] --END-- [ RunTime:0.033895s ]
INFO: [ view_filter ] --START--
INFO: Run Behavior\WriteHtmlCache [ RunTime:0.000355s ]
INFO: [ view_filter ] --END-- [ RunTime:0.000470s ]
INFO: [ app_end ] --START--
INFO: Run Behavior\ShowPageTrace [ RunTime:0.000809s ]
INFO: [ app_end ] --END-- [ RunTime:0.000956s ]

[ 2014-03-13T15:27:07+08:00 ] 127.0.0.1 /6/lost_and_found/index.php/Home/Detail/setComment
INFO: [ app_begin ] --START--
INFO: Run Behavior\ReadHtmlCache [ RunTime:0.000696s ]
INFO: [ app_begin ] --END-- [ RunTime:0.001164s ]
SQL: SHOW COLUMNS FROM `pick_comments` [ RunTime:0.004940s ]
SQL: INSERT INTO `pick_comments` (`pick_id`,`comment`,`datetime`,`school_card_id`,`name`) VALUES (59,'d','2014-03-13 15:27:06',213123641,'李盈达') [ RunTime:0.346044s ]
SQL: select comment,name,datetime from pick_comments
            where pick_id = 59 [ RunTime:0.034567s ]
INFO: [ app_end ] --START--
INFO: Run Behavior\ShowPageTrace [ RunTime:0.000874s ]
INFO: [ app_end ] --END-- [ RunTime:0.000947s ]

[ 2014-03-13T15:27:13+08:00 ] 127.0.0.1 /6/lost_and_found/index.php/Home/Detail/index
INFO: [ app_begin ] --START--
INFO: Run Behavior\ReadHtmlCache [ RunTime:0.000764s ]
INFO: [ app_begin ] --END-- [ RunTime:0.001445s ]
SQL: SHOW COLUMNS FROM `detail` [ RunTime:0.446120s ]
ERR: 1146:Table 'lost_and_found.detail' doesn't exist
 [ SQL语句 ] : SHOW COLUMNS FROM `detail`
SQL: select name,contact,thing_name,place,datetime,update_time,thing_describe,picture_name,type
			from picks 
			where pick_id = 59 [ RunTime:0.018722s ]
SQL: select comment,name,datetime from pick_comments
			where pick_id = 59 [ RunTime:0.001023s ]
NOTIC: [2] getimagesize(Public/pictures/picks/59.jpg): failed to open stream: No such file or directory D:\web\wamp\www\6\lost_and_found\Application\Home\Controller\DetailController.class.php 第 32 行.
INFO: [ view_parse ] --START--
INFO: [ template_filter ] --START--
INFO: Run Behavior\ContentReplace [ RunTime:0.000121s ]
INFO: [ template_filter ] --END-- [ RunTime:0.000239s ]
INFO: Run Behavior\ParseTemplate [ RunTime:0.047750s ]
INFO: [ view_parse ] --END-- [ RunTime:0.047919s ]
INFO: [ view_filter ] --START--
INFO: Run Behavior\WriteHtmlCache [ RunTime:0.000494s ]
INFO: [ view_filter ] --END-- [ RunTime:0.000992s ]
INFO: [ app_end ] --START--
INFO: Run Behavior\ShowPageTrace [ RunTime:0.000753s ]
INFO: [ app_end ] --END-- [ RunTime:0.000884s ]

[ 2014-03-13T15:27:17+08:00 ] 127.0.0.1 /6/lost_and_found/index.php/Home/Detail/setComment
INFO: [ app_begin ] --START--
INFO: Run Behavior\ReadHtmlCache [ RunTime:0.000704s ]
INFO: [ app_begin ] --END-- [ RunTime:0.001221s ]
SQL: SHOW COLUMNS FROM `pick_comments` [ RunTime:0.001976s ]
SQL: INSERT INTO `pick_comments` (`pick_id`,`comment`,`datetime`,`school_card_id`,`name`) VALUES (59,'c','2014-03-13 15:27:17',213123641,'李盈达') [ RunTime:0.030015s ]
SQL: select comment,name,datetime from pick_comments
            where pick_id = 59 [ RunTime:0.000366s ]
INFO: [ app_end ] --START--
INFO: Run Behavior\ShowPageTrace [ RunTime:0.000882s ]
INFO: [ app_end ] --END-- [ RunTime:0.000979s ]

[ 2014-03-13T15:27:21+08:00 ] 127.0.0.1 /6/lost_and_found/index.php/Home/Detail/setComment
INFO: [ app_begin ] --START--
INFO: Run Behavior\ReadHtmlCache [ RunTime:0.000946s ]
INFO: [ app_begin ] --END-- [ RunTime:0.001459s ]
SQL: SHOW COLUMNS FROM `pick_comments` [ RunTime:0.001910s ]
SQL: INSERT INTO `pick_comments` (`pick_id`,`comment`,`datetime`,`school_card_id`,`name`) VALUES (59,'c','2014-03-13 15:27:21',213123641,'李盈达') [ RunTime:0.011537s ]
SQL: select comment,name,datetime from pick_comments
            where pick_id = 59 [ RunTime:0.000277s ]
INFO: [ app_end ] --START--
INFO: Run Behavior\ShowPageTrace [ RunTime:0.000956s ]
INFO: [ app_end ] --END-- [ RunTime:0.001054s ]

[ 2014-03-13T15:27:32+08:00 ] 127.0.0.1 /6/lost_and_found/index.php/Home/Detail/index
INFO: [ app_begin ] --START--
INFO: Run Behavior\ReadHtmlCache [ RunTime:0.000461s ]
INFO: [ app_begin ] --END-- [ RunTime:0.000939s ]
SQL: SHOW COLUMNS FROM `detail` [ RunTime:0.002090s ]
ERR: 1146:Table 'lost_and_found.detail' doesn't exist
 [ SQL语句 ] : SHOW COLUMNS FROM `detail`
SQL: select name,contact,thing_name,place,datetime,update_time,thing_describe,picture_name,type
			from picks 
			where pick_id = 58 [ RunTime:0.000315s ]
SQL: select comment,name,datetime from pick_comments
			where pick_id = 58 [ RunTime:0.000216s ]
NOTIC: [2] getimagesize(Public/pictures/picks/58.jpg): failed to open stream: No such file or directory D:\web\wamp\www\6\lost_and_found\Application\Home\Controller\DetailController.class.php 第 32 行.
INFO: [ view_parse ] --START--
INFO: [ template_filter ] --START--
INFO: Run Behavior\ContentReplace [ RunTime:0.000055s ]
INFO: [ template_filter ] --END-- [ RunTime:0.000153s ]
INFO: Run Behavior\ParseTemplate [ RunTime:0.008997s ]
INFO: [ view_parse ] --END-- [ RunTime:0.009111s ]
INFO: [ view_filter ] --START--
INFO: Run Behavior\WriteHtmlCache [ RunTime:0.000420s ]
INFO: [ view_filter ] --END-- [ RunTime:0.000503s ]
INFO: [ app_end ] --START--
INFO: Run Behavior\ShowPageTrace [ RunTime:0.000682s ]
INFO: [ app_end ] --END-- [ RunTime:0.000787s ]

[ 2014-03-13T15:27:36+08:00 ] 127.0.0.1 /6/lost_and_found/index.php/Home/Detail/getContact
INFO: [ app_begin ] --START--
INFO: Run Behavior\ReadHtmlCache [ RunTime:0.001076s ]
INFO: [ app_begin ] --END-- [ RunTime:0.001652s ]
SQL: SHOW COLUMNS FROM `detail` [ RunTime:0.002096s ]
ERR: 1146:Table 'lost_and_found.detail' doesn't exist
 [ SQL语句 ] : SHOW COLUMNS FROM `detail`
SQL: SHOW COLUMNS FROM `records` [ RunTime:0.001698s ]
SQL: INSERT INTO `records` (`type`,`thing_id`,`school_card_id`) VALUES ('pick',58,213123641) [ RunTime:0.000900s ]
SQL: select contact from picks 
			 where pick_id = 58 [ RunTime:0.000288s ]
INFO: [ app_end ] --START--
INFO: Run Behavior\ShowPageTrace [ RunTime:0.000881s ]
INFO: [ app_end ] --END-- [ RunTime:0.000983s ]

[ 2014-03-13T15:27:45+08:00 ] 127.0.0.1 /6/lost_and_found/index.php/Home/Detail/index
INFO: [ app_begin ] --START--
INFO: Run Behavior\ReadHtmlCache [ RunTime:0.000756s ]
INFO: [ app_begin ] --END-- [ RunTime:0.001298s ]
SQL: SHOW COLUMNS FROM `detail` [ RunTime:0.001805s ]
ERR: 1146:Table 'lost_and_found.detail' doesn't exist
 [ SQL语句 ] : SHOW COLUMNS FROM `detail`
SQL: select name,contact,thing_name,place,datetime,update_time,thing_describe,picture_name,type
			from picks 
			where pick_id = 59 [ RunTime:0.000398s ]
SQL: select comment,name,datetime from pick_comments
			where pick_id = 59 [ RunTime:0.000254s ]
NOTIC: [2] getimagesize(Public/pictures/picks/59.jpg): failed to open stream: No such file or directory D:\web\wamp\www\6\lost_and_found\Application\Home\Controller\DetailController.class.php 第 32 行.
INFO: [ view_parse ] --START--
INFO: [ template_filter ] --START--
INFO: Run Behavior\ContentReplace [ RunTime:0.000056s ]
INFO: [ template_filter ] --END-- [ RunTime:0.000157s ]
INFO: Run Behavior\ParseTemplate [ RunTime:0.008248s ]
INFO: [ view_parse ] --END-- [ RunTime:0.008356s ]
INFO: [ view_filter ] --START--
INFO: Run Behavior\WriteHtmlCache [ RunTime:0.000425s ]
INFO: [ view_filter ] --END-- [ RunTime:0.000508s ]
INFO: [ app_end ] --START--
INFO: Run Behavior\ShowPageTrace [ RunTime:0.000672s ]
INFO: [ app_end ] --END-- [ RunTime:0.000768s ]

[ 2014-03-13T15:28:25+08:00 ] 127.0.0.1 /6/lost_and_found/index.php/Home/Detail/index
INFO: [ app_begin ] --START--
INFO: Run Behavior\ReadHtmlCache [ RunTime:0.000709s ]
INFO: [ app_begin ] --END-- [ RunTime:0.001149s ]
SQL: SHOW COLUMNS FROM `detail` [ RunTime:0.001821s ]
ERR: 1146:Table 'lost_and_found.detail' doesn't exist
 [ SQL语句 ] : SHOW COLUMNS FROM `detail`
SQL: select name,contact,thing_name,place,datetime,update_time,thing_describe,picture_name,type
			from picks 
			where pick_id = 59 [ RunTime:0.000459s ]
SQL: select comment,name,datetime from pick_comments
			where pick_id = 59 [ RunTime:0.000637s ]
NOTIC: [2] getimagesize(Public/pictures/picks/59.jpg): failed to open stream: No such file or directory D:\web\wamp\www\6\lost_and_found\Application\Home\Controller\DetailController.class.php 第 32 行.
INFO: [ view_parse ] --START--
INFO: [ template_filter ] --START--
INFO: Run Behavior\ContentReplace [ RunTime:0.000056s ]
INFO: [ template_filter ] --END-- [ RunTime:0.000189s ]
INFO: Run Behavior\ParseTemplate [ RunTime:0.008759s ]
INFO: [ view_parse ] --END-- [ RunTime:0.008868s ]
INFO: [ view_filter ] --START--
INFO: Run Behavior\WriteHtmlCache [ RunTime:0.000452s ]
INFO: [ view_filter ] --END-- [ RunTime:0.000538s ]
INFO: [ app_end ] --START--
INFO: Run Behavior\ShowPageTrace [ RunTime:0.000696s ]
INFO: [ app_end ] --END-- [ RunTime:0.000806s ]

[ 2014-03-13T15:28:56+08:00 ] 127.0.0.1 /6/lost_and_found/index.php/Home/Manage/index
INFO: [ app_begin ] --START--
INFO: Run Behavior\ReadHtmlCache [ RunTime:0.001250s ]
INFO: [ app_begin ] --END-- [ RunTime:0.002153s ]
INFO: [ view_parse ] --START--
INFO: [ template_filter ] --START--
INFO: Run Behavior\ContentReplace [ RunTime:0.000093s ]
INFO: [ template_filter ] --END-- [ RunTime:0.000220s ]
INFO: Run Behavior\ParseTemplate [ RunTime:0.019417s ]
INFO: [ view_parse ] --END-- [ RunTime:0.019481s ]
INFO: [ view_filter ] --START--
INFO: Run Behavior\WriteHtmlCache [ RunTime:0.000431s ]
INFO: [ view_filter ] --END-- [ RunTime:0.000524s ]
INFO: [ app_end ] --START--
INFO: Run Behavior\ShowPageTrace [ RunTime:0.002594s ]
INFO: [ app_end ] --END-- [ RunTime:0.002851s ]

[ 2014-03-13T21:11:59+08:00 ] 127.0.0.1 /6/lost_and_found/index.php
INFO: [ app_begin ] --START--
INFO: Run Behavior\ReadHtmlCache [ RunTime:0.031053s ]
INFO: [ app_begin ] --END-- [ RunTime:0.194262s ]
INFO: [ view_parse ] --START--
INFO: [ template_filter ] --START--
INFO: Run Behavior\ContentReplace [ RunTime:0.000224s ]
INFO: [ template_filter ] --END-- [ RunTime:0.000394s ]
INFO: Run Behavior\ParseTemplate [ RunTime:0.321528s ]
INFO: [ view_parse ] --END-- [ RunTime:0.321667s ]
INFO: [ view_filter ] --START--
INFO: Run Behavior\WriteHtmlCache [ RunTime:0.012438s ]
INFO: [ view_filter ] --END-- [ RunTime:0.012578s ]
INFO: [ app_end ] --START--
INFO: Run Behavior\ShowPageTrace [ RunTime:0.033593s ]
INFO: [ app_end ] --END-- [ RunTime:0.033798s ]

[ 2014-03-13T21:12:09+08:00 ] 127.0.0.1 /6/lost_and_found/index.php/Home/AddContent/index
INFO: [ app_begin ] --START--
INFO: Run Behavior\ReadHtmlCache [ RunTime:0.000620s ]
INFO: [ app_begin ] --END-- [ RunTime:0.001117s ]
SQL: SHOW COLUMNS FROM `loses` [ RunTime:0.776900s ]
NOTIC: [8] Undefined variable: losesTable D:\web\wamp\www\6\lost_and_found\Application\Home\Model\AddContentModel.class.php 第 11 行.
SQL: SHOW COLUMNS FROM `picks` [ RunTime:0.031991s ]
NOTIC: [8] Undefined variable: picksTable D:\web\wamp\www\6\lost_and_found\Application\Home\Model\AddContentModel.class.php 第 12 行.
NOTIC: [8] Undefined variable: losesTable D:\web\wamp\www\6\lost_and_found\Application\Home\Model\AddContentModel.class.php 第 47 行.
SQL: select lose_id from loses order by lose_id desc limit 1 [ RunTime:0.204618s ]
NOTIC: [8] Undefined variable: picksTable D:\web\wamp\www\6\lost_and_found\Application\Home\Model\AddContentModel.class.php 第 56 行.
SQL: select pick_id from picks order by pick_id desc limit 1 [ RunTime:0.003084s ]
NOTIC: [8] Undefined variable: losesTable D:\web\wamp\www\6\lost_and_found\Application\Home\Model\AddContentModel.class.php 第 70 行.
SQL: select update_time from loses 
			where ((type = 'stationery' or type = 'electronic' or type = 'card' or type = 'money' or type = 'keys' or type = 'others')) 
			and if_find=false 
			and lose_id < 10 
			order by lose_id desc limit 1 [ RunTime:0.149929s ]
NOTIC: [8] Undefined variable: picksTable D:\web\wamp\www\6\lost_and_found\Application\Home\Model\AddContentModel.class.php 第 82 行.
SQL: select update_time from picks 
			where ((type = 'stationery' or type = 'electronic' or type = 'card' or type = 'money' or type = 'keys' or type = 'others')) 
			and if_give_back=false 
			and pick_id < 60 
			order by pick_id desc limit 1 [ RunTime:0.047087s ]
NOTIC: [8] Undefined variable: picksTable D:\web\wamp\www\6\lost_and_found\Application\Home\Model\AddContentModel.class.php 第 140 行.
SQL: select pick_id,thing_name,place,datetime,thing_describe,picture_name,type 
					from picks where ((type = 'stationery' or type = 'electronic' or type = 'card' or type = 'money' or type = 'keys' or type = 'others')) 
					and if_give_back=false 
					and pick_id < 60 
					order by update_time desc,pick_id desc limit 1 [ RunTime:0.041189s ]
NOTIC: [8] Undefined variable: picksTable D:\web\wamp\www\6\lost_and_found\Application\Home\Model\AddContentModel.class.php 第 165 行.
SQL: select update_time from picks 
					where ((type = 'stationery' or type = 'electronic' or type = 'card' or type = 'money' or type = 'keys' or type = 'others')) 
					and if_give_back=false 
					and pick_id < 59 
					order by pick_id desc limit 1 [ RunTime:0.000545s ]
NOTIC: [8] Undefined variable: picksTable D:\web\wamp\www\6\lost_and_found\Application\Home\Model\AddContentModel.class.php 第 140 行.
SQL: select pick_id,thing_name,place,datetime,thing_describe,picture_name,type 
					from picks where ((type = 'stationery' or type = 'electronic' or type = 'card' or type = 'money' or type = 'keys' or type = 'others')) 
					and if_give_back=false 
					and pick_id < 59 
					order by update_time desc,pick_id desc limit 1 [ RunTime:0.000520s ]
NOTIC: [8] Undefined variable: picksTable D:\web\wamp\www\6\lost_and_found\Application\Home\Model\AddContentModel.class.php 第 165 行.
SQL: select update_time from picks 
					where ((type = 'stationery' or type = 'electronic' or type = 'card' or type = 'money' or type = 'keys' or type = 'others')) 
					and if_give_back=false 
					and pick_id < 58 
					order by pick_id desc limit 1 [ RunTime:0.001422s ]
NOTIC: [8] Undefined variable: picksTable D:\web\wamp\www\6\lost_and_found\Application\Home\Model\AddContentModel.class.php 第 140 行.
SQL: select pick_id,thing_name,place,datetime,thing_describe,picture_name,type 
					from picks where ((type = 'stationery' or type = 'electronic' or type = 'card' or type = 'money' or type = 'keys' or type = 'others')) 
					and if_give_back=false 
					and pick_id < 58 
					order by update_time desc,pick_id desc limit 1 [ RunTime:0.000478s ]
NOTIC: [8] Undefined variable: picksTable D:\web\wamp\www\6\lost_and_found\Application\Home\Model\AddContentModel.class.php 第 165 行.
SQL: select update_time from picks 
					where ((type = 'stationery' or type = 'electronic' or type = 'card' or type = 'money' or type = 'keys' or type = 'others')) 
					and if_give_back=false 
					and pick_id < 57 
					order by pick_id desc limit 1 [ RunTime:0.000323s ]
NOTIC: [2] getimagesize(Public/pictures/picks/59.jpg): failed to open stream: No such file or directory D:\web\wamp\www\6\lost_and_found\Application\Home\Controller\AddContentController.class.php 第 33 行.
NOTIC: [8] Undefined index: content D:\web\wamp\www\6\lost_and_found\Application\Home\Controller\AddContentController.class.php 第 52 行.
INFO: [ view_parse ] --START--
INFO: [ template_filter ] --START--
INFO: Run Behavior\ContentReplace [ RunTime:0.000065s ]
INFO: [ template_filter ] --END-- [ RunTime:0.000187s ]
INFO: Run Behavior\ParseTemplate [ RunTime:0.042592s ]
INFO: [ view_parse ] --END-- [ RunTime:0.042811s ]
INFO: [ view_filter ] --START--
INFO: Run Behavior\WriteHtmlCache [ RunTime:0.000439s ]
INFO: [ view_filter ] --END-- [ RunTime:0.000550s ]
NOTIC: [2] getimagesize(Public/pictures/picks/58.jpg): failed to open stream: No such file or directory D:\web\wamp\www\6\lost_and_found\Application\Home\Controller\AddContentController.class.php 第 33 行.
INFO: [ view_parse ] --START--
INFO: [ template_filter ] --START--
INFO: Run Behavior\ContentReplace [ RunTime:0.000102s ]
INFO: [ template_filter ] --END-- [ RunTime:-0.016761s ]
INFO: Run Behavior\ParseTemplate [ RunTime:0.005970s ]
INFO: [ view_parse ] --END-- [ RunTime:-0.002562s ]
INFO: [ view_filter ] --START--
INFO: Run Behavior\WriteHtmlCache [ RunTime:0.000028s ]
INFO: [ view_filter ] --END-- [ RunTime:-0.008190s ]
NOTIC: [2] getimagesize(Public/pictures/picks/57.jpg): failed to open stream: No such file or directory D:\web\wamp\www\6\lost_and_found\Application\Home\Controller\AddContentController.class.php 第 33 行.
INFO: [ view_parse ] --START--
INFO: [ template_filter ] --START--
INFO: Run Behavior\ContentReplace [ RunTime:0.000079s ]
INFO: [ template_filter ] --END-- [ RunTime:-0.024673s ]
INFO: Run Behavior\ParseTemplate [ RunTime:0.005679s ]
INFO: [ view_parse ] --END-- [ RunTime:-0.009979s ]
INFO: [ view_filter ] --START--
INFO: Run Behavior\WriteHtmlCache [ RunTime:0.000023s ]
INFO: [ view_filter ] --END-- [ RunTime:-0.015798s ]
INFO: [ app_end ] --START--
INFO: Run Behavior\ShowPageTrace [ RunTime:0.000831s ]
INFO: [ app_end ] --END-- [ RunTime:0.000976s ]

[ 2014-03-13T21:12:41+08:00 ] 127.0.0.1 /6/lost_and_found/index.php/Home/Manage/index
INFO: [ app_begin ] --START--
INFO: Run Behavior\ReadHtmlCache [ RunTime:0.000456s ]
INFO: [ app_begin ] --END-- [ RunTime:0.000840s ]
INFO: [ view_parse ] --START--
INFO: [ template_filter ] --START--
INFO: Run Behavior\ContentReplace [ RunTime:0.000219s ]
INFO: [ template_filter ] --END-- [ RunTime:0.000515s ]
INFO: Run Behavior\ParseTemplate [ RunTime:0.167245s ]
INFO: [ view_parse ] --END-- [ RunTime:0.167424s ]
INFO: [ view_filter ] --START--
INFO: Run Behavior\WriteHtmlCache [ RunTime:0.000300s ]
INFO: [ view_filter ] --END-- [ RunTime:0.000398s ]
INFO: [ app_end ] --START--
INFO: Run Behavior\ShowPageTrace [ RunTime:0.000537s ]
INFO: [ app_end ] --END-- [ RunTime:0.000638s ]

[ 2014-03-13T21:21:36+08:00 ] 127.0.0.1 /6/lost_and_found/index.php
INFO: [ app_begin ] --START--
INFO: Run Behavior\ReadHtmlCache [ RunTime:0.001791s ]
INFO: [ app_begin ] --END-- [ RunTime:0.011807s ]
INFO: [ view_parse ] --START--
INFO: [ template_filter ] --START--
INFO: Run Behavior\ContentReplace [ RunTime:0.000225s ]
INFO: [ template_filter ] --END-- [ RunTime:0.000346s ]
INFO: Run Behavior\ParseTemplate [ RunTime:0.057579s ]
INFO: [ view_parse ] --END-- [ RunTime:0.057751s ]
INFO: [ view_filter ] --START--
INFO: Run Behavior\WriteHtmlCache [ RunTime:0.016861s ]
INFO: [ view_filter ] --END-- [ RunTime:0.016998s ]
INFO: [ app_end ] --START--
INFO: Run Behavior\ShowPageTrace [ RunTime:0.017632s ]
INFO: [ app_end ] --END-- [ RunTime:0.017759s ]

[ 2014-03-13T21:21:39+08:00 ] 127.0.0.1 /6/lost_and_found/index.php/Home/AddContent/index
INFO: [ app_begin ] --START--
INFO: Run Behavior\ReadHtmlCache [ RunTime:0.000504s ]
INFO: [ app_begin ] --END-- [ RunTime:0.000905s ]
SQL: SHOW COLUMNS FROM `loses` [ RunTime:0.053353s ]
NOTIC: [8] Undefined variable: losesTable D:\web\wamp\www\6\lost_and_found\Application\Home\Model\AddContentModel.class.php 第 11 行.
SQL: SHOW COLUMNS FROM `picks` [ RunTime:0.017951s ]
NOTIC: [8] Undefined variable: picksTable D:\web\wamp\www\6\lost_and_found\Application\Home\Model\AddContentModel.class.php 第 12 行.
NOTIC: [8] Undefined variable: losesTable D:\web\wamp\www\6\lost_and_found\Application\Home\Model\AddContentModel.class.php 第 47 行.
SQL: select lose_id from loses order by lose_id desc limit 1 [ RunTime:0.000274s ]
NOTIC: [8] Undefined variable: picksTable D:\web\wamp\www\6\lost_and_found\Application\Home\Model\AddContentModel.class.php 第 56 行.
SQL: select pick_id from picks order by pick_id desc limit 1 [ RunTime:0.000175s ]
NOTIC: [8] Undefined variable: losesTable D:\web\wamp\www\6\lost_and_found\Application\Home\Model\AddContentModel.class.php 第 70 行.
SQL: select update_time from loses 
			where ((type = 'stationery' or type = 'electronic' or type = 'card' or type = 'money' or type = 'keys' or type = 'others')) 
			and if_find=false 
			and lose_id < 10 
			order by lose_id desc limit 1 [ RunTime:0.000314s ]
NOTIC: [8] Undefined variable: picksTable D:\web\wamp\www\6\lost_and_found\Application\Home\Model\AddContentModel.class.php 第 82 行.
SQL: select update_time from picks 
			where ((type = 'stationery' or type = 'electronic' or type = 'card' or type = 'money' or type = 'keys' or type = 'others')) 
			and if_give_back=false 
			and pick_id < 60 
			order by pick_id desc limit 1 [ RunTime:0.000287s ]
NOTIC: [8] Undefined variable: picksTable D:\web\wamp\www\6\lost_and_found\Application\Home\Model\AddContentModel.class.php 第 140 行.
SQL: select pick_id,thing_name,place,datetime,thing_describe,picture_name,type 
					from picks where ((type = 'stationery' or type = 'electronic' or type = 'card' or type = 'money' or type = 'keys' or type = 'others')) 
					and if_give_back=false 
					and pick_id < 60 
					order by update_time desc,pick_id desc limit 1 [ RunTime:0.000458s ]
NOTIC: [8] Undefined variable: picksTable D:\web\wamp\www\6\lost_and_found\Application\Home\Model\AddContentModel.class.php 第 165 行.
SQL: select update_time from picks 
					where ((type = 'stationery' or type = 'electronic' or type = 'card' or type = 'money' or type = 'keys' or type = 'others')) 
					and if_give_back=false 
					and pick_id < 59 
					order by pick_id desc limit 1 [ RunTime:0.000445s ]
NOTIC: [8] Undefined variable: picksTable D:\web\wamp\www\6\lost_and_found\Application\Home\Model\AddContentModel.class.php 第 140 行.
SQL: select pick_id,thing_name,place,datetime,thing_describe,picture_name,type 
					from picks where ((type = 'stationery' or type = 'electronic' or type = 'card' or type = 'money' or type = 'keys' or type = 'others')) 
					and if_give_back=false 
					and pick_id < 59 
					order by update_time desc,pick_id desc limit 1 [ RunTime:0.000453s ]
NOTIC: [8] Undefined variable: picksTable D:\web\wamp\www\6\lost_and_found\Application\Home\Model\AddContentModel.class.php 第 165 行.
SQL: select update_time from picks 
					where ((type = 'stationery' or type = 'electronic' or type = 'card' or type = 'money' or type = 'keys' or type = 'others')) 
					and if_give_back=false 
					and pick_id < 58 
					order by pick_id desc limit 1 [ RunTime:0.000336s ]
NOTIC: [8] Undefined variable: picksTable D:\web\wamp\www\6\lost_and_found\Application\Home\Model\AddContentModel.class.php 第 140 行.
SQL: select pick_id,thing_name,place,datetime,thing_describe,picture_name,type 
					from picks where ((type = 'stationery' or type = 'electronic' or type = 'card' or type = 'money' or type = 'keys' or type = 'others')) 
					and if_give_back=false 
					and pick_id < 58 
					order by update_time desc,pick_id desc limit 1 [ RunTime:0.000474s ]
NOTIC: [8] Undefined variable: picksTable D:\web\wamp\www\6\lost_and_found\Application\Home\Model\AddContentModel.class.php 第 165 行.
SQL: select update_time from picks 
					where ((type = 'stationery' or type = 'electronic' or type = 'card' or type = 'money' or type = 'keys' or type = 'others')) 
					and if_give_back=false 
					and pick_id < 57 
					order by pick_id desc limit 1 [ RunTime:0.000428s ]
NOTIC: [2] getimagesize(Public/pictures/picks/59.jpg): failed to open stream: No such file or directory D:\web\wamp\www\6\lost_and_found\Application\Home\Controller\AddContentController.class.php 第 33 行.
NOTIC: [8] Undefined index: content D:\web\wamp\www\6\lost_and_found\Application\Home\Controller\AddContentController.class.php 第 52 行.
INFO: [ view_parse ] --START--
INFO: [ template_filter ] --START--
INFO: Run Behavior\ContentReplace [ RunTime:0.000059s ]
INFO: [ template_filter ] --END-- [ RunTime:0.000162s ]
INFO: Run Behavior\ParseTemplate [ RunTime:0.033533s ]
INFO: [ view_parse ] --END-- [ RunTime:0.033690s ]
INFO: [ view_filter ] --START--
INFO: Run Behavior\WriteHtmlCache [ RunTime:0.000410s ]
INFO: [ view_filter ] --END-- [ RunTime:0.000516s ]
NOTIC: [2] getimagesize(Public/pictures/picks/58.jpg): failed to open stream: No such file or directory D:\web\wamp\www\6\lost_and_found\Application\Home\Controller\AddContentController.class.php 第 33 行.
INFO: [ view_parse ] --START--
INFO: [ template_filter ] --START--
INFO: Run Behavior\ContentReplace [ RunTime:0.000077s ]
INFO: [ template_filter ] --END-- [ RunTime:-0.019663s ]
INFO: Run Behavior\ParseTemplate [ RunTime:0.005228s ]
INFO: [ view_parse ] --END-- [ RunTime:-0.001696s ]
INFO: [ view_filter ] --START--
INFO: Run Behavior\WriteHtmlCache [ RunTime:0.000042s ]
INFO: [ view_filter ] --END-- [ RunTime:-0.006597s ]
NOTIC: [2] getimagesize(Public/pictures/picks/57.jpg): failed to open stream: No such file or directory D:\web\wamp\www\6\lost_and_found\Application\Home\Controller\AddContentController.class.php 第 33 行.
INFO: [ view_parse ] --START--
INFO: [ template_filter ] --START--
INFO: Run Behavior\ContentReplace [ RunTime:0.000054s ]
INFO: [ template_filter ] --END-- [ RunTime:-0.027076s ]
INFO: Run Behavior\ParseTemplate [ RunTime:0.005349s ]
INFO: [ view_parse ] --END-- [ RunTime:-0.008302s ]
INFO: [ view_filter ] --START--
INFO: Run Behavior\WriteHtmlCache [ RunTime:0.000022s ]
INFO: [ view_filter ] --END-- [ RunTime:-0.013240s ]
INFO: [ app_end ] --START--
INFO: Run Behavior\ShowPageTrace [ RunTime:0.001085s ]
INFO: [ app_end ] --END-- [ RunTime:0.001177s ]

[ 2014-03-13T21:22:01+08:00 ] 127.0.0.1 /6/lost_and_found/index.php/Home/Manage/index
INFO: [ app_begin ] --START--
INFO: Run Behavior\ReadHtmlCache [ RunTime:0.001118s ]
INFO: [ app_begin ] --END-- [ RunTime:0.001770s ]
INFO: [ view_parse ] --START--
INFO: [ template_filter ] --START--
INFO: Run Behavior\ContentReplace [ RunTime:0.000100s ]
INFO: [ template_filter ] --END-- [ RunTime:0.000221s ]
INFO: Run Behavior\ParseTemplate [ RunTime:0.031216s ]
INFO: [ view_parse ] --END-- [ RunTime:0.031442s ]
INFO: [ view_filter ] --START--
INFO: Run Behavior\WriteHtmlCache [ RunTime:0.000517s ]
INFO: [ view_filter ] --END-- [ RunTime:0.000611s ]
INFO: [ app_end ] --START--
INFO: Run Behavior\ShowPageTrace [ RunTime:0.000744s ]
INFO: [ app_end ] --END-- [ RunTime:0.000847s ]

[ 2014-03-13T21:23:04+08:00 ] 127.0.0.1 /6/lost_and_found/index.php
INFO: [ app_begin ] --START--
INFO: Run Behavior\ReadHtmlCache [ RunTime:0.000513s ]
INFO: [ app_begin ] --END-- [ RunTime:0.000940s ]
INFO: [ view_parse ] --START--
INFO: [ template_filter ] --START--
INFO: Run Behavior\ContentReplace [ RunTime:0.000286s ]
INFO: [ template_filter ] --END-- [ RunTime:0.000472s ]
INFO: Run Behavior\ParseTemplate [ RunTime:0.018199s ]
INFO: [ view_parse ] --END-- [ RunTime:0.018381s ]
INFO: [ view_filter ] --START--
INFO: Run Behavior\WriteHtmlCache [ RunTime:0.000314s ]
INFO: [ view_filter ] --END-- [ RunTime:0.000466s ]
INFO: [ app_end ] --START--
INFO: Run Behavior\ShowPageTrace [ RunTime:0.000709s ]
INFO: [ app_end ] --END-- [ RunTime:0.000829s ]

[ 2014-03-13T21:23:07+08:00 ] 127.0.0.1 /6/lost_and_found/index.php/Home/AddContent/index
INFO: [ app_begin ] --START--
INFO: Run Behavior\ReadHtmlCache [ RunTime:0.000696s ]
INFO: [ app_begin ] --END-- [ RunTime:0.001395s ]
SQL: SHOW COLUMNS FROM `loses` [ RunTime:0.030516s ]
NOTIC: [8] Undefined variable: losesTable D:\web\wamp\www\6\lost_and_found\Application\Home\Model\AddContentModel.class.php 第 11 行.
SQL: SHOW COLUMNS FROM `picks` [ RunTime:0.001707s ]
NOTIC: [8] Undefined variable: picksTable D:\web\wamp\www\6\lost_and_found\Application\Home\Model\AddContentModel.class.php 第 12 行.
NOTIC: [8] Undefined variable: losesTable D:\web\wamp\www\6\lost_and_found\Application\Home\Model\AddContentModel.class.php 第 47 行.
SQL: select lose_id from loses order by lose_id desc limit 1 [ RunTime:0.000268s ]
NOTIC: [8] Undefined variable: picksTable D:\web\wamp\www\6\lost_and_found\Application\Home\Model\AddContentModel.class.php 第 56 行.
SQL: select pick_id from picks order by pick_id desc limit 1 [ RunTime:0.000192s ]
NOTIC: [8] Undefined variable: losesTable D:\web\wamp\www\6\lost_and_found\Application\Home\Model\AddContentModel.class.php 第 70 行.
SQL: select update_time from loses 
			where ((type = 'stationery' or type = 'electronic' or type = 'card' or type = 'money' or type = 'keys' or type = 'others')) 
			and if_find=false 
			and lose_id < 10 
			order by lose_id desc limit 1 [ RunTime:0.000325s ]
NOTIC: [8] Undefined variable: picksTable D:\web\wamp\www\6\lost_and_found\Application\Home\Model\AddContentModel.class.php 第 82 行.
SQL: select update_time from picks 
			where ((type = 'stationery' or type = 'electronic' or type = 'card' or type = 'money' or type = 'keys' or type = 'others')) 
			and if_give_back=false 
			and pick_id < 60 
			order by pick_id desc limit 1 [ RunTime:0.001109s ]
NOTIC: [8] Undefined variable: picksTable D:\web\wamp\www\6\lost_and_found\Application\Home\Model\AddContentModel.class.php 第 140 行.
SQL: select pick_id,thing_name,place,datetime,thing_describe,picture_name,type 
					from picks where ((type = 'stationery' or type = 'electronic' or type = 'card' or type = 'money' or type = 'keys' or type = 'others')) 
					and if_give_back=false 
					and pick_id < 60 
					order by update_time desc,pick_id desc limit 1 [ RunTime:0.000423s ]
NOTIC: [8] Undefined variable: picksTable D:\web\wamp\www\6\lost_and_found\Application\Home\Model\AddContentModel.class.php 第 165 行.
SQL: select update_time from picks 
					where ((type = 'stationery' or type = 'electronic' or type = 'card' or type = 'money' or type = 'keys' or type = 'others')) 
					and if_give_back=false 
					and pick_id < 59 
					order by pick_id desc limit 1 [ RunTime:0.000265s ]
NOTIC: [8] Undefined variable: picksTable D:\web\wamp\www\6\lost_and_found\Application\Home\Model\AddContentModel.class.php 第 140 行.
SQL: select pick_id,thing_name,place,datetime,thing_describe,picture_name,type 
					from picks where ((type = 'stationery' or type = 'electronic' or type = 'card' or type = 'money' or type = 'keys' or type = 'others')) 
					and if_give_back=false 
					and pick_id < 59 
					order by update_time desc,pick_id desc limit 1 [ RunTime:0.000373s ]
NOTIC: [8] Undefined variable: picksTable D:\web\wamp\www\6\lost_and_found\Application\Home\Model\AddContentModel.class.php 第 165 行.
SQL: select update_time from picks 
					where ((type = 'stationery' or type = 'electronic' or type = 'card' or type = 'money' or type = 'keys' or type = 'others')) 
					and if_give_back=false 
					and pick_id < 58 
					order by pick_id desc limit 1 [ RunTime:0.000274s ]
NOTIC: [8] Undefined variable: picksTable D:\web\wamp\www\6\lost_and_found\Application\Home\Model\AddContentModel.class.php 第 140 行.
SQL: select pick_id,thing_name,place,datetime,thing_describe,picture_name,type 
					from picks where ((type = 'stationery' or type = 'electronic' or type = 'card' or type = 'money' or type = 'keys' or type = 'others')) 
					and if_give_back=false 
					and pick_id < 58 
					order by update_time desc,pick_id desc limit 1 [ RunTime:0.000368s ]
NOTIC: [8] Undefined variable: picksTable D:\web\wamp\www\6\lost_and_found\Application\Home\Model\AddContentModel.class.php 第 165 行.
SQL: select update_time from picks 
					where ((type = 'stationery' or type = 'electronic' or type = 'card' or type = 'money' or type = 'keys' or type = 'others')) 
					and if_give_back=false 
					and pick_id < 57 
					order by pick_id desc limit 1 [ RunTime:0.000264s ]
NOTIC: [2] getimagesize(Public/pictures/picks/59.jpg): failed to open stream: No such file or directory D:\web\wamp\www\6\lost_and_found\Application\Home\Controller\AddContentController.class.php 第 33 行.
NOTIC: [8] Undefined index: content D:\web\wamp\www\6\lost_and_found\Application\Home\Controller\AddContentController.class.php 第 52 行.
INFO: [ view_parse ] --START--
INFO: [ template_filter ] --START--
INFO: Run Behavior\ContentReplace [ RunTime:0.000058s ]
INFO: [ template_filter ] --END-- [ RunTime:0.000154s ]
INFO: Run Behavior\ParseTemplate [ RunTime:0.008620s ]
INFO: [ view_parse ] --END-- [ RunTime:0.008728s ]
INFO: [ view_filter ] --START--
INFO: Run Behavior\WriteHtmlCache [ RunTime:0.000356s ]
INFO: [ view_filter ] --END-- [ RunTime:0.000439s ]
NOTIC: [2] getimagesize(Public/pictures/picks/58.jpg): failed to open stream: No such file or directory D:\web\wamp\www\6\lost_and_found\Application\Home\Controller\AddContentController.class.php 第 33 行.
INFO: [ view_parse ] --START--
INFO: [ template_filter ] --START--
INFO: Run Behavior\ContentReplace [ RunTime:0.000090s ]
INFO: [ template_filter ] --END-- [ RunTime:-0.005296s ]
INFO: Run Behavior\ParseTemplate [ RunTime:0.004757s ]
INFO: [ view_parse ] --END-- [ RunTime:-0.001116s ]
INFO: [ view_filter ] --START--
INFO: Run Behavior\WriteHtmlCache [ RunTime:0.000053s ]
INFO: [ view_filter ] --END-- [ RunTime:-0.005546s ]
NOTIC: [2] getimagesize(Public/pictures/picks/57.jpg): failed to open stream: No such file or directory D:\web\wamp\www\6\lost_and_found\Application\Home\Controller\AddContentController.class.php 第 33 行.
INFO: [ view_parse ] --START--
INFO: [ template_filter ] --START--
INFO: Run Behavior\ContentReplace [ RunTime:0.000071s ]
INFO: [ template_filter ] --END-- [ RunTime:-0.011882s ]
INFO: Run Behavior\ParseTemplate [ RunTime:0.005090s ]
INFO: [ view_parse ] --END-- [ RunTime:-0.007107s ]
INFO: [ view_filter ] --START--
INFO: Run Behavior\WriteHtmlCache [ RunTime:0.000064s ]
INFO: [ view_filter ] --END-- [ RunTime:-0.011893s ]
INFO: [ app_end ] --START--
INFO: Run Behavior\ShowPageTrace [ RunTime:0.001042s ]
INFO: [ app_end ] --END-- [ RunTime:0.001238s ]

[ 2014-03-13T21:23:27+08:00 ] 127.0.0.1 /6/lost_and_found/index.php/Home/Manage/index
INFO: [ app_begin ] --START--
INFO: Run Behavior\ReadHtmlCache [ RunTime:0.000911s ]
INFO: [ app_begin ] --END-- [ RunTime:0.001573s ]
INFO: [ view_parse ] --START--
INFO: [ template_filter ] --START--
INFO: Run Behavior\ContentReplace [ RunTime:0.000101s ]
INFO: [ template_filter ] --END-- [ RunTime:0.000253s ]
INFO: Run Behavior\ParseTemplate [ RunTime:0.012536s ]
INFO: [ view_parse ] --END-- [ RunTime:0.012707s ]
INFO: [ view_filter ] --START--
INFO: Run Behavior\WriteHtmlCache [ RunTime:0.000488s ]
INFO: [ view_filter ] --END-- [ RunTime:0.000640s ]
INFO: [ app_end ] --START--
INFO: Run Behavior\ShowPageTrace [ RunTime:0.000648s ]
INFO: [ app_end ] --END-- [ RunTime:0.000789s ]

[ 2014-03-13T22:46:00+08:00 ] 127.0.0.1 /6/lost_and_found/index.php
INFO: [ app_begin ] --START--
INFO: Run Behavior\ReadHtmlCache [ RunTime:0.001607s ]
INFO: [ app_begin ] --END-- [ RunTime:0.016095s ]
INFO: [ view_parse ] --START--
INFO: [ template_filter ] --START--
INFO: Run Behavior\ContentReplace [ RunTime:0.015403s ]
INFO: [ template_filter ] --END-- [ RunTime:0.015632s ]
INFO: Run Behavior\ParseTemplate [ RunTime:0.207847s ]
INFO: [ view_parse ] --END-- [ RunTime:0.208087s ]
INFO: [ view_filter ] --START--
INFO: Run Behavior\WriteHtmlCache [ RunTime:0.024079s ]
INFO: [ view_filter ] --END-- [ RunTime:0.024299s ]
INFO: [ app_end ] --START--
INFO: Run Behavior\ShowPageTrace [ RunTime:0.016843s ]
INFO: [ app_end ] --END-- [ RunTime:0.017106s ]

[ 2014-03-13T22:46:14+08:00 ] 127.0.0.1 /6/lost_and_found/index.php/Home/AddContent/index
INFO: [ app_begin ] --START--
INFO: Run Behavior\ReadHtmlCache [ RunTime:0.001693s ]
INFO: [ app_begin ] --END-- [ RunTime:0.003027s ]
SQL: SHOW COLUMNS FROM `loses` [ RunTime:1.139048s ]
NOTIC: [8] Undefined variable: losesTable D:\web\wamp\www\6\lost_and_found\Application\Home\Model\AddContentModel.class.php 第 11 行.
SQL: SHOW COLUMNS FROM `picks` [ RunTime:0.015791s ]
NOTIC: [8] Undefined variable: picksTable D:\web\wamp\www\6\lost_and_found\Application\Home\Model\AddContentModel.class.php 第 12 行.
NOTIC: [8] Undefined variable: losesTable D:\web\wamp\www\6\lost_and_found\Application\Home\Model\AddContentModel.class.php 第 47 行.
SQL: select lose_id from loses order by lose_id desc limit 1 [ RunTime:0.000380s ]
NOTIC: [8] Undefined variable: picksTable D:\web\wamp\www\6\lost_and_found\Application\Home\Model\AddContentModel.class.php 第 56 行.
SQL: select pick_id from picks order by pick_id desc limit 1 [ RunTime:0.000314s ]
NOTIC: [8] Undefined variable: losesTable D:\web\wamp\www\6\lost_and_found\Application\Home\Model\AddContentModel.class.php 第 70 行.
SQL: select update_time from loses 
			where ((type = 'stationery' or type = 'electronic' or type = 'card' or type = 'money' or type = 'keys' or type = 'others')) 
			and if_find=false 
			and lose_id < 10 
			order by lose_id desc limit 1 [ RunTime:0.000444s ]
NOTIC: [8] Undefined variable: picksTable D:\web\wamp\www\6\lost_and_found\Application\Home\Model\AddContentModel.class.php 第 82 行.
SQL: select update_time from picks 
			where ((type = 'stationery' or type = 'electronic' or type = 'card' or type = 'money' or type = 'keys' or type = 'others')) 
			and if_give_back=false 
			and pick_id < 60 
			order by pick_id desc limit 1 [ RunTime:0.000423s ]
NOTIC: [8] Undefined variable: picksTable D:\web\wamp\www\6\lost_and_found\Application\Home\Model\AddContentModel.class.php 第 140 行.
SQL: select pick_id,thing_name,place,datetime,thing_describe,picture_name,type 
					from picks where ((type = 'stationery' or type = 'electronic' or type = 'card' or type = 'money' or type = 'keys' or type = 'others')) 
					and if_give_back=false 
					and pick_id < 60 
					order by update_time desc,pick_id desc limit 1 [ RunTime:0.000535s ]
NOTIC: [8] Undefined variable: picksTable D:\web\wamp\www\6\lost_and_found\Application\Home\Model\AddContentModel.class.php 第 165 行.
SQL: select update_time from picks 
					where ((type = 'stationery' or type = 'electronic' or type = 'card' or type = 'money' or type = 'keys' or type = 'others')) 
					and if_give_back=false 
					and pick_id < 59 
					order by pick_id desc limit 1 [ RunTime:0.000339s ]
NOTIC: [8] Undefined variable: picksTable D:\web\wamp\www\6\lost_and_found\Application\Home\Model\AddContentModel.class.php 第 140 行.
SQL: select pick_id,thing_name,place,datetime,thing_describe,picture_name,type 
					from picks where ((type = 'stationery' or type = 'electronic' or type = 'card' or type = 'money' or type = 'keys' or type = 'others')) 
					and if_give_back=false 
					and pick_id < 59 
					order by update_time desc,pick_id desc limit 1 [ RunTime:0.000485s ]
NOTIC: [8] Undefined variable: picksTable D:\web\wamp\www\6\lost_and_found\Application\Home\Model\AddContentModel.class.php 第 165 行.
SQL: select update_time from picks 
					where ((type = 'stationery' or type = 'electronic' or type = 'card' or type = 'money' or type = 'keys' or type = 'others')) 
					and if_give_back=false 
					and pick_id < 58 
					order by pick_id desc limit 1 [ RunTime:0.000341s ]
NOTIC: [8] Undefined variable: picksTable D:\web\wamp\www\6\lost_and_found\Application\Home\Model\AddContentModel.class.php 第 140 行.
SQL: select pick_id,thing_name,place,datetime,thing_describe,picture_name,type 
					from picks where ((type = 'stationery' or type = 'electronic' or type = 'card' or type = 'money' or type = 'keys' or type = 'others')) 
					and if_give_back=false 
					and pick_id < 58 
					order by update_time desc,pick_id desc limit 1 [ RunTime:0.000498s ]
NOTIC: [8] Undefined variable: picksTable D:\web\wamp\www\6\lost_and_found\Application\Home\Model\AddContentModel.class.php 第 165 行.
SQL: select update_time from picks 
					where ((type = 'stationery' or type = 'electronic' or type = 'card' or type = 'money' or type = 'keys' or type = 'others')) 
					and if_give_back=false 
					and pick_id < 57 
					order by pick_id desc limit 1 [ RunTime:0.000363s ]
NOTIC: [2] getimagesize(Public/pictures/picks/59.jpg): failed to open stream: No such file or directory D:\web\wamp\www\6\lost_and_found\Application\Home\Controller\AddContentController.class.php 第 33 行.
NOTIC: [8] Undefined index: content D:\web\wamp\www\6\lost_and_found\Application\Home\Controller\AddContentController.class.php 第 52 行.
INFO: [ view_parse ] --START--
INFO: [ template_filter ] --START--
INFO: Run Behavior\ContentReplace [ RunTime:0.000090s ]
INFO: [ template_filter ] --END-- [ RunTime:0.000255s ]
INFO: Run Behavior\ParseTemplate [ RunTime:0.089743s ]
INFO: [ view_parse ] --END-- [ RunTime:0.089892s ]
INFO: [ view_filter ] --START--
INFO: Run Behavior\WriteHtmlCache [ RunTime:0.000502s ]
INFO: [ view_filter ] --END-- [ RunTime:0.001193s ]
NOTIC: [2] getimagesize(Public/pictures/picks/58.jpg): failed to open stream: No such file or directory D:\web\wamp\www\6\lost_and_found\Application\Home\Controller\AddContentController.class.php 第 33 行.
INFO: [ view_parse ] --START--
INFO: [ template_filter ] --START--
INFO: Run Behavior\ContentReplace [ RunTime:0.000070s ]
INFO: [ template_filter ] --END-- [ RunTime:-0.006731s ]
INFO: Run Behavior\ParseTemplate [ RunTime:0.004386s ]
INFO: [ view_parse ] --END-- [ RunTime:-0.001870s ]
INFO: [ view_filter ] --START--
INFO: Run Behavior\WriteHtmlCache [ RunTime:0.000071s ]
INFO: [ view_filter ] --END-- [ RunTime:-0.005136s ]
NOTIC: [2] getimagesize(Public/pictures/picks/57.jpg): failed to open stream: No such file or directory D:\web\wamp\www\6\lost_and_found\Application\Home\Controller\AddContentController.class.php 第 33 行.
INFO: [ view_parse ] --START--
INFO: [ template_filter ] --START--
INFO: Run Behavior\ContentReplace [ RunTime:0.000069s ]
INFO: [ template_filter ] --END-- [ RunTime:-0.012040s ]
INFO: Run Behavior\ParseTemplate [ RunTime:0.007249s ]
INFO: [ view_parse ] --END-- [ RunTime:-0.007152s ]
INFO: [ view_filter ] --START--
INFO: Run Behavior\WriteHtmlCache [ RunTime:0.000054s ]
INFO: [ view_filter ] --END-- [ RunTime:-0.013400s ]
INFO: [ app_end ] --START--
INFO: Run Behavior\ShowPageTrace [ RunTime:0.001643s ]
INFO: [ app_end ] --END-- [ RunTime:0.001923s ]

[ 2014-03-13T22:46:52+08:00 ] 127.0.0.1 /6/lost_and_found/index.php/Home/Manage/index
INFO: [ app_begin ] --START--
INFO: Run Behavior\ReadHtmlCache [ RunTime:0.002874s ]
INFO: [ app_begin ] --END-- [ RunTime:0.004319s ]
INFO: [ view_parse ] --START--
INFO: [ template_filter ] --START--
INFO: Run Behavior\ContentReplace [ RunTime:0.000151s ]
INFO: [ template_filter ] --END-- [ RunTime:0.000329s ]
INFO: Run Behavior\ParseTemplate [ RunTime:0.053927s ]
INFO: [ view_parse ] --END-- [ RunTime:0.054297s ]
INFO: [ view_filter ] --START--
INFO: Run Behavior\WriteHtmlCache [ RunTime:0.001009s ]
INFO: [ view_filter ] --END-- [ RunTime:0.001137s ]
INFO: [ app_end ] --START--
INFO: Run Behavior\ShowPageTrace [ RunTime:0.001140s ]
INFO: [ app_end ] --END-- [ RunTime:0.001285s ]

[ 2014-03-13T22:48:34+08:00 ] 127.0.0.1 /6/lost_and_found/index.php/Home/Manage/index
INFO: [ app_begin ] --START--
INFO: Run Behavior\ReadHtmlCache [ RunTime:0.018776s ]
INFO: [ app_begin ] --END-- [ RunTime:0.038720s ]
INFO: [ view_parse ] --START--
INFO: [ template_filter ] --START--
INFO: Run Behavior\ContentReplace [ RunTime:0.000128s ]
INFO: [ template_filter ] --END-- [ RunTime:0.000345s ]
INFO: Run Behavior\ParseTemplate [ RunTime:0.079546s ]
INFO: [ view_parse ] --END-- [ RunTime:0.080401s ]
INFO: [ view_filter ] --START--
INFO: Run Behavior\WriteHtmlCache [ RunTime:0.020997s ]
INFO: [ view_filter ] --END-- [ RunTime:0.021160s ]
INFO: [ app_end ] --START--
INFO: Run Behavior\ShowPageTrace [ RunTime:0.002284s ]
INFO: [ app_end ] --END-- [ RunTime:0.002994s ]

[ 2014-03-13T22:48:44+08:00 ] 127.0.0.1 /6/lost_and_found/index.php/Home/Manage/index
INFO: [ app_begin ] --START--
INFO: Run Behavior\ReadHtmlCache [ RunTime:0.000880s ]
INFO: [ app_begin ] --END-- [ RunTime:0.003594s ]
INFO: [ view_parse ] --START--
INFO: [ template_filter ] --START--
INFO: Run Behavior\ContentReplace [ RunTime:0.000126s ]
INFO: [ template_filter ] --END-- [ RunTime:0.000386s ]
INFO: Run Behavior\ParseTemplate [ RunTime:0.016597s ]
INFO: [ view_parse ] --END-- [ RunTime:0.016791s ]
INFO: [ view_filter ] --START--
INFO: Run Behavior\WriteHtmlCache [ RunTime:0.000460s ]
INFO: [ view_filter ] --END-- [ RunTime:0.000608s ]
INFO: [ app_end ] --START--
INFO: Run Behavior\ShowPageTrace [ RunTime:0.001028s ]
INFO: [ app_end ] --END-- [ RunTime:0.001164s ]

[ 2014-03-13T23:09:44+08:00 ] 127.0.0.1 /6/lost_and_found/index.php/Home/Manage/index
INFO: [ app_begin ] --START--
INFO: Run Behavior\ReadHtmlCache [ RunTime:0.003138s ]
INFO: [ app_begin ] --END-- [ RunTime:0.005980s ]
SQL: SHOW COLUMNS FROM `picks` [ RunTime:0.013844s ]
SQL: SELECT `pick_id`,`type`,`thingname`,`place`,`datetime`,`if_give_back` FROM `picks` WHERE ( school_card_id = 0 ) ORDER BY pick_id DESC  [ RunTime:0.092394s ]
ERR: 1054:Unknown column 'thingname' in 'field list'
 [ SQL语句 ] : SELECT `pick_id`,`type`,`thingname`,`place`,`datetime`,`if_give_back` FROM `picks` WHERE ( school_card_id = 0 ) ORDER BY pick_id DESC 
INFO: [ view_parse ] --START--
INFO: [ template_filter ] --START--
INFO: Run Behavior\ContentReplace [ RunTime:0.000248s ]
INFO: [ template_filter ] --END-- [ RunTime:0.000426s ]
NOTIC: [8] Undefined variable: logStatus D:\web\wamp\www\6\lost_and_found\Application\Runtime\Cache\Home\d8a0e8853bd242b1645d6a28cb083b55.php 第 166 行.
INFO: Run Behavior\ParseTemplate [ RunTime:0.365048s ]
INFO: [ view_parse ] --END-- [ RunTime:0.365293s ]
INFO: [ view_filter ] --START--
INFO: Run Behavior\WriteHtmlCache [ RunTime:0.000454s ]
INFO: [ view_filter ] --END-- [ RunTime:0.000617s ]
INFO: [ app_end ] --START--
INFO: Run Behavior\ShowPageTrace [ RunTime:0.000858s ]
INFO: [ app_end ] --END-- [ RunTime:0.000995s ]

[ 2014-03-13T23:15:19+08:00 ] 127.0.0.1 /6/lost_and_found/index.php
INFO: [ app_begin ] --START--
INFO: Run Behavior\ReadHtmlCache [ RunTime:0.001240s ]
INFO: [ app_begin ] --END-- [ RunTime:0.002018s ]
INFO: [ view_parse ] --START--
INFO: [ template_filter ] --START--
INFO: Run Behavior\ContentReplace [ RunTime:0.000387s ]
INFO: [ template_filter ] --END-- [ RunTime:0.000666s ]
INFO: Run Behavior\ParseTemplate [ RunTime:1.796932s ]
INFO: [ view_parse ] --END-- [ RunTime:1.797399s ]
INFO: [ view_filter ] --START--
INFO: Run Behavior\WriteHtmlCache [ RunTime:0.001689s ]
INFO: [ view_filter ] --END-- [ RunTime:0.001917s ]
INFO: [ app_end ] --START--
INFO: Run Behavior\ShowPageTrace [ RunTime:0.001244s ]
INFO: [ app_end ] --END-- [ RunTime:0.001611s ]

[ 2014-03-13T23:15:28+08:00 ] 127.0.0.1 /6/lost_and_found/index.php/Home/AddContent/index
INFO: [ app_begin ] --START--
INFO: Run Behavior\ReadHtmlCache [ RunTime:0.001474s ]
INFO: [ app_begin ] --END-- [ RunTime:0.002727s ]
SQL: SHOW COLUMNS FROM `loses` [ RunTime:1.726282s ]
NOTIC: [8] Undefined variable: losesTable D:\web\wamp\www\6\lost_and_found\Application\Home\Model\AddContentModel.class.php 第 11 行.
SQL: SHOW COLUMNS FROM `picks` [ RunTime:0.096274s ]
NOTIC: [8] Undefined variable: picksTable D:\web\wamp\www\6\lost_and_found\Application\Home\Model\AddContentModel.class.php 第 12 行.
NOTIC: [8] Undefined variable: losesTable D:\web\wamp\www\6\lost_and_found\Application\Home\Model\AddContentModel.class.php 第 47 行.
SQL: select lose_id from loses order by lose_id desc limit 1 [ RunTime:0.000589s ]
NOTIC: [8] Undefined variable: picksTable D:\web\wamp\www\6\lost_and_found\Application\Home\Model\AddContentModel.class.php 第 56 行.
SQL: select pick_id from picks order by pick_id desc limit 1 [ RunTime:0.000316s ]
NOTIC: [8] Undefined variable: losesTable D:\web\wamp\www\6\lost_and_found\Application\Home\Model\AddContentModel.class.php 第 70 行.
SQL: select update_time from loses 
			where ((type = 'stationery' or type = 'electronic' or type = 'card' or type = 'money' or type = 'keys' or type = 'others')) 
			and if_find=false 
			and lose_id < 10 
			order by lose_id desc limit 1 [ RunTime:0.000728s ]
NOTIC: [8] Undefined variable: picksTable D:\web\wamp\www\6\lost_and_found\Application\Home\Model\AddContentModel.class.php 第 82 行.
SQL: select update_time from picks 
			where ((type = 'stationery' or type = 'electronic' or type = 'card' or type = 'money' or type = 'keys' or type = 'others')) 
			and if_give_back=false 
			and pick_id < 60 
			order by pick_id desc limit 1 [ RunTime:0.000477s ]
NOTIC: [8] Undefined variable: picksTable D:\web\wamp\www\6\lost_and_found\Application\Home\Model\AddContentModel.class.php 第 140 行.
SQL: select pick_id,thing_name,place,datetime,thing_describe,picture_name,type 
					from picks where ((type = 'stationery' or type = 'electronic' or type = 'card' or type = 'money' or type = 'keys' or type = 'others')) 
					and if_give_back=false 
					and pick_id < 60 
					order by update_time desc,pick_id desc limit 1 [ RunTime:0.000701s ]
NOTIC: [8] Undefined variable: picksTable D:\web\wamp\www\6\lost_and_found\Application\Home\Model\AddContentModel.class.php 第 165 行.
SQL: select update_time from picks 
					where ((type = 'stationery' or type = 'electronic' or type = 'card' or type = 'money' or type = 'keys' or type = 'others')) 
					and if_give_back=false 
					and pick_id < 59 
					order by pick_id desc limit 1 [ RunTime:0.000451s ]
NOTIC: [8] Undefined variable: picksTable D:\web\wamp\www\6\lost_and_found\Application\Home\Model\AddContentModel.class.php 第 140 行.
SQL: select pick_id,thing_name,place,datetime,thing_describe,picture_name,type 
					from picks where ((type = 'stationery' or type = 'electronic' or type = 'card' or type = 'money' or type = 'keys' or type = 'others')) 
					and if_give_back=false 
					and pick_id < 59 
					order by update_time desc,pick_id desc limit 1 [ RunTime:0.000532s ]
NOTIC: [8] Undefined variable: picksTable D:\web\wamp\www\6\lost_and_found\Application\Home\Model\AddContentModel.class.php 第 165 行.
SQL: select update_time from picks 
					where ((type = 'stationery' or type = 'electronic' or type = 'card' or type = 'money' or type = 'keys' or type = 'others')) 
					and if_give_back=false 
					and pick_id < 58 
					order by pick_id desc limit 1 [ RunTime:0.000418s ]
NOTIC: [8] Undefined variable: picksTable D:\web\wamp\www\6\lost_and_found\Application\Home\Model\AddContentModel.class.php 第 140 行.
SQL: select pick_id,thing_name,place,datetime,thing_describe,picture_name,type 
					from picks where ((type = 'stationery' or type = 'electronic' or type = 'card' or type = 'money' or type = 'keys' or type = 'others')) 
					and if_give_back=false 
					and pick_id < 58 
					order by update_time desc,pick_id desc limit 1 [ RunTime:0.000614s ]
NOTIC: [8] Undefined variable: picksTable D:\web\wamp\www\6\lost_and_found\Application\Home\Model\AddContentModel.class.php 第 165 行.
SQL: select update_time from picks 
					where ((type = 'stationery' or type = 'electronic' or type = 'card' or type = 'money' or type = 'keys' or type = 'others')) 
					and if_give_back=false 
					and pick_id < 57 
					order by pick_id desc limit 1 [ RunTime:0.000388s ]
NOTIC: [2] getimagesize(Public/pictures/picks/59.jpg): failed to open stream: No such file or directory D:\web\wamp\www\6\lost_and_found\Application\Home\Controller\AddContentController.class.php 第 33 行.
NOTIC: [8] Undefined index: content D:\web\wamp\www\6\lost_and_found\Application\Home\Controller\AddContentController.class.php 第 52 行.
INFO: [ view_parse ] --START--
INFO: [ template_filter ] --START--
INFO: Run Behavior\ContentReplace [ RunTime:0.002410s ]
INFO: [ template_filter ] --END-- [ RunTime:0.002755s ]
INFO: Run Behavior\ParseTemplate [ RunTime:0.885188s ]
INFO: [ view_parse ] --END-- [ RunTime:0.885458s ]
INFO: [ view_filter ] --START--
INFO: Run Behavior\WriteHtmlCache [ RunTime:0.000666s ]
INFO: [ view_filter ] --END-- [ RunTime:0.000781s ]
NOTIC: [2] getimagesize(Public/pictures/picks/58.jpg): failed to open stream: No such file or directory D:\web\wamp\www\6\lost_and_found\Application\Home\Controller\AddContentController.class.php 第 33 行.
INFO: [ view_parse ] --START--
INFO: [ template_filter ] --START--
INFO: Run Behavior\ContentReplace [ RunTime:0.000248s ]
INFO: [ template_filter ] --END-- [ RunTime:-0.010986s ]
INFO: Run Behavior\ParseTemplate [ RunTime:0.014856s ]
INFO: [ view_parse ] --END-- [ RunTime:-0.002583s ]
INFO: [ view_filter ] --START--
INFO: Run Behavior\WriteHtmlCache [ RunTime:0.000086s ]
INFO: [ view_filter ] --END-- [ RunTime:-0.017210s ]
NOTIC: [2] getimagesize(Public/pictures/picks/57.jpg): failed to open stream: No such file or directory D:\web\wamp\www\6\lost_and_found\Application\Home\Controller\AddContentController.class.php 第 33 行.
INFO: [ view_parse ] --START--
INFO: [ template_filter ] --START--
INFO: Run Behavior\ContentReplace [ RunTime:0.000193s ]
INFO: [ template_filter ] --END-- [ RunTime:-0.039986s ]
INFO: Run Behavior\ParseTemplate [ RunTime:0.020446s ]
INFO: [ view_parse ] --END-- [ RunTime:-0.026341s ]
INFO: [ view_filter ] --START--
INFO: Run Behavior\WriteHtmlCache [ RunTime:0.000163s ]
INFO: [ view_filter ] --END-- [ RunTime:-0.046747s ]
INFO: [ app_end ] --START--
INFO: Run Behavior\ShowPageTrace [ RunTime:0.005378s ]
INFO: [ app_end ] --END-- [ RunTime:0.006801s ]

[ 2014-03-13T23:15:52+08:00 ] 127.0.0.1 /6/lost_and_found/index.php/Home/Manage/index
INFO: [ app_begin ] --START--
INFO: Run Behavior\ReadHtmlCache [ RunTime:0.002453s ]
INFO: [ app_begin ] --END-- [ RunTime:0.003847s ]
SQL: SHOW COLUMNS FROM `picks` [ RunTime:0.075807s ]
SQL: SELECT `pick_id`,`type`,`thingname`,`place`,`datetime`,`if_give_back` FROM `picks` WHERE ( school_card_id = 0 ) ORDER BY pick_id DESC  [ RunTime:0.000505s ]
ERR: 1054:Unknown column 'thingname' in 'field list'
 [ SQL语句 ] : SELECT `pick_id`,`type`,`thingname`,`place`,`datetime`,`if_give_back` FROM `picks` WHERE ( school_card_id = 0 ) ORDER BY pick_id DESC 
ERR: 模板不存在:./Application/Home/View/Manage/selfinfo.html

