[ 2014-02-21T20:50:41+08:00 ] 127.0.0.1 /web1/lost_and_found/index.php
INFO: [ app_begin ] --START--
INFO: Run Behavior\ReadHtmlCache [ RunTime:0.001699s ]
INFO: [ app_begin ] --END-- [ RunTime:0.002794s ]
INFO: [ view_parse ] --START--
INFO: [ template_filter ] --START--
INFO: Run Behavior\ContentReplace [ RunTime:0.000428s ]
INFO: [ template_filter ] --END-- [ RunTime:0.000700s ]
INFO: Run Behavior\ParseTemplate [ RunTime:0.024389s ]
INFO: [ view_parse ] --END-- [ RunTime:0.024695s ]
INFO: [ view_filter ] --START--
INFO: Run Behavior\WriteHtmlCache [ RunTime:0.001511s ]
INFO: [ view_filter ] --END-- [ RunTime:0.001941s ]
INFO: [ app_end ] --START--
INFO: Run Behavior\ShowPageTrace [ RunTime:0.002124s ]
INFO: [ app_end ] --END-- [ RunTime:0.002430s ]

[ 2014-02-21T20:50:43+08:00 ] 127.0.0.1 /web1/lost_and_found/index.php/Home/AddContent/index
INFO: [ app_begin ] --START--
INFO: Run Behavior\ReadHtmlCache [ RunTime:0.001479s ]
INFO: [ app_begin ] --END-- [ RunTime:0.002520s ]
NOTIC: [2] mysql_connect(): Access denied for user 'root'@'localhost' (using password: YES) D:\wamp\www\web1\lost_and_found\ThinkPHP\Library\Think\Db\Driver\Mysql.class.php 第 52 行.
ERR: Access denied for user 'root'@'localhost' (using password: YES)

[ 2014-02-21T20:50:47+08:00 ] 127.0.0.1 /web1/lost_and_found/index.php/Home/AddContent/index
INFO: [ app_begin ] --START--
INFO: Run Behavior\ReadHtmlCache [ RunTime:0.001488s ]
INFO: [ app_begin ] --END-- [ RunTime:0.002568s ]
NOTIC: [2] mysql_connect(): Access denied for user 'root'@'localhost' (using password: YES) D:\wamp\www\web1\lost_and_found\ThinkPHP\Library\Think\Db\Driver\Mysql.class.php 第 52 行.
ERR: Access denied for user 'root'@'localhost' (using password: YES)

[ 2014-02-21T20:50:55+08:00 ] 127.0.0.1 /web1/lost_and_found/index.php/Home/AddContent/index
INFO: [ app_begin ] --START--
INFO: Run Behavior\ReadHtmlCache [ RunTime:0.001374s ]
INFO: [ app_begin ] --END-- [ RunTime:0.002256s ]
NOTIC: [2] mysql_connect(): Access denied for user 'root'@'localhost' (using password: YES) D:\wamp\www\web1\lost_and_found\ThinkPHP\Library\Think\Db\Driver\Mysql.class.php 第 52 行.
ERR: Access denied for user 'root'@'localhost' (using password: YES)

[ 2014-02-21T20:51:00+08:00 ] 127.0.0.1 /web1/lost_and_found/index.php
INFO: [ app_begin ] --START--
INFO: Run Behavior\ReadHtmlCache [ RunTime:0.001476s ]
INFO: [ app_begin ] --END-- [ RunTime:0.002831s ]
INFO: [ view_parse ] --START--
INFO: [ template_filter ] --START--
INFO: Run Behavior\ContentReplace [ RunTime:0.000414s ]
INFO: [ template_filter ] --END-- [ RunTime:0.000691s ]
INFO: Run Behavior\ParseTemplate [ RunTime:0.023110s ]
INFO: [ view_parse ] --END-- [ RunTime:0.023439s ]
INFO: [ view_filter ] --START--
INFO: Run Behavior\WriteHtmlCache [ RunTime:0.000929s ]
INFO: [ view_filter ] --END-- [ RunTime:0.001180s ]
INFO: [ app_end ] --START--
INFO: Run Behavior\ShowPageTrace [ RunTime:0.001454s ]
INFO: [ app_end ] --END-- [ RunTime:0.001712s ]

[ 2014-02-21T20:51:01+08:00 ] 127.0.0.1 /web1/lost_and_found/index.php/Home/AddContent/index
INFO: [ app_begin ] --START--
INFO: Run Behavior\ReadHtmlCache [ RunTime:0.003347s ]
INFO: [ app_begin ] --END-- [ RunTime:0.004596s ]
NOTIC: [2] mysql_connect(): Access denied for user 'root'@'localhost' (using password: YES) D:\wamp\www\web1\lost_and_found\ThinkPHP\Library\Think\Db\Driver\Mysql.class.php 第 52 行.
ERR: Access denied for user 'root'@'localhost' (using password: YES)

[ 2014-02-21T20:51:05+08:00 ] 127.0.0.1 /web1/lost_and_found/index.php/Home/AddContent/index
INFO: [ app_begin ] --START--
INFO: Run Behavior\ReadHtmlCache [ RunTime:0.001538s ]
INFO: [ app_begin ] --END-- [ RunTime:0.002403s ]
NOTIC: [2] mysql_connect(): Access denied for user 'root'@'localhost' (using password: YES) D:\wamp\www\web1\lost_and_found\ThinkPHP\Library\Think\Db\Driver\Mysql.class.php 第 52 行.
ERR: Access denied for user 'root'@'localhost' (using password: YES)

[ 2014-02-21T20:51:09+08:00 ] 127.0.0.1 /web1/lost_and_found/index.php/Home/AddContent/index
INFO: [ app_begin ] --START--
INFO: Run Behavior\ReadHtmlCache [ RunTime:0.002109s ]
INFO: [ app_begin ] --END-- [ RunTime:0.003064s ]
NOTIC: [2] mysql_connect(): Access denied for user 'root'@'localhost' (using password: YES) D:\wamp\www\web1\lost_and_found\ThinkPHP\Library\Think\Db\Driver\Mysql.class.php 第 52 行.
ERR: Access denied for user 'root'@'localhost' (using password: YES)

[ 2014-02-21T20:51:12+08:00 ] 127.0.0.1 /web1/lost_and_found/index.php/Home/AddContent/index
INFO: [ app_begin ] --START--
INFO: Run Behavior\ReadHtmlCache [ RunTime:0.001377s ]
INFO: [ app_begin ] --END-- [ RunTime:0.002285s ]
NOTIC: [2] mysql_connect(): Access denied for user 'root'@'localhost' (using password: YES) D:\wamp\www\web1\lost_and_found\ThinkPHP\Library\Think\Db\Driver\Mysql.class.php 第 52 行.
ERR: Access denied for user 'root'@'localhost' (using password: YES)

[ 2014-02-21T20:51:16+08:00 ] 127.0.0.1 /web1/lost_and_found/index.php/Home/AddContent/index
INFO: [ app_begin ] --START--
INFO: Run Behavior\ReadHtmlCache [ RunTime:0.001558s ]
INFO: [ app_begin ] --END-- [ RunTime:0.002952s ]
NOTIC: [2] mysql_connect(): Access denied for user 'root'@'localhost' (using password: YES) D:\wamp\www\web1\lost_and_found\ThinkPHP\Library\Think\Db\Driver\Mysql.class.php 第 52 行.
ERR: Access denied for user 'root'@'localhost' (using password: YES)

[ 2014-02-21T20:52:04+08:00 ] 127.0.0.1 /web1/lost_and_found/index.php
INFO: [ app_begin ] --START--
INFO: Run Behavior\ReadHtmlCache [ RunTime:0.001451s ]
INFO: [ app_begin ] --END-- [ RunTime:0.002425s ]
INFO: [ view_parse ] --START--
INFO: [ template_filter ] --START--
INFO: Run Behavior\ContentReplace [ RunTime:0.000455s ]
INFO: [ template_filter ] --END-- [ RunTime:0.000720s ]
INFO: Run Behavior\ParseTemplate [ RunTime:0.023112s ]
INFO: [ view_parse ] --END-- [ RunTime:0.023420s ]
INFO: [ view_filter ] --START--
INFO: Run Behavior\WriteHtmlCache [ RunTime:0.001006s ]
INFO: [ view_filter ] --END-- [ RunTime:0.001305s ]
INFO: [ app_end ] --START--
INFO: Run Behavior\ShowPageTrace [ RunTime:0.001430s ]
INFO: [ app_end ] --END-- [ RunTime:0.001691s ]

[ 2014-02-21T20:52:05+08:00 ] 127.0.0.1 /web1/lost_and_found/index.php/Home/AddContent/index
INFO: [ app_begin ] --START--
INFO: Run Behavior\ReadHtmlCache [ RunTime:0.001550s ]
INFO: [ app_begin ] --END-- [ RunTime:0.002697s ]
NOTIC: [2] mysql_connect(): Access denied for user 'root'@'localhost' (using password: YES) D:\wamp\www\web1\lost_and_found\ThinkPHP\Library\Think\Db\Driver\Mysql.class.php 第 52 行.
ERR: Access denied for user 'root'@'localhost' (using password: YES)

[ 2014-02-21T21:06:48+08:00 ] 127.0.0.1 /web1/lost_and_found/index.php
INFO: [ app_begin ] --START--
INFO: Run Behavior\ReadHtmlCache [ RunTime:0.002290s ]
INFO: [ app_begin ] --END-- [ RunTime:0.005203s ]
INFO: [ view_parse ] --START--
INFO: [ template_filter ] --START--
INFO: Run Behavior\ContentReplace [ RunTime:0.000590s ]
INFO: [ template_filter ] --END-- [ RunTime:0.000929s ]
INFO: Run Behavior\ParseTemplate [ RunTime:0.116314s ]
INFO: [ view_parse ] --END-- [ RunTime:0.116956s ]
INFO: [ view_filter ] --START--
INFO: Run Behavior\WriteHtmlCache [ RunTime:0.040071s ]
INFO: [ view_filter ] --END-- [ RunTime:0.040403s ]
INFO: [ app_end ] --START--
INFO: Run Behavior\ShowPageTrace [ RunTime:0.022442s ]
INFO: [ app_end ] --END-- [ RunTime:0.022894s ]

[ 2014-02-21T21:06:52+08:00 ] 127.0.0.1 /web1/lost_and_found/index.php/Home/AddContent/index
INFO: [ app_begin ] --START--
INFO: Run Behavior\ReadHtmlCache [ RunTime:0.001287s ]
INFO: [ app_begin ] --END-- [ RunTime:0.002174s ]
NOTIC: [2] mysql_connect(): Access denied for user 'root'@'localhost' (using password: YES) D:\wamp\www\web1\lost_and_found\ThinkPHP\Library\Think\Db\Driver\Mysql.class.php 第 52 行.
ERR: Access denied for user 'root'@'localhost' (using password: YES)

[ 2014-02-21T21:19:57+08:00 ] 127.0.0.1 /web1/lost_and_found/index.php
INFO: [ app_begin ] --START--
INFO: Run Behavior\ReadHtmlCache [ RunTime:0.002011s ]
INFO: [ app_begin ] --END-- [ RunTime:0.003709s ]
INFO: [ view_parse ] --START--
INFO: [ template_filter ] --START--
INFO: Run Behavior\ContentReplace [ RunTime:0.000522s ]
INFO: [ template_filter ] --END-- [ RunTime:0.000810s ]
INFO: Run Behavior\ParseTemplate [ RunTime:0.029207s ]
INFO: [ view_parse ] --END-- [ RunTime:0.029540s ]
INFO: [ view_filter ] --START--
INFO: Run Behavior\WriteHtmlCache [ RunTime:0.037317s ]
INFO: [ view_filter ] --END-- [ RunTime:0.037585s ]
INFO: [ app_end ] --START--
INFO: Run Behavior\ShowPageTrace [ RunTime:0.012699s ]
INFO: [ app_end ] --END-- [ RunTime:0.013014s ]

[ 2014-02-21T21:19:57+08:00 ] 127.0.0.1 /web1/lost_and_found/index.php/Home/AddContent/index
INFO: [ app_begin ] --START--
INFO: Run Behavior\ReadHtmlCache [ RunTime:0.003072s ]
INFO: [ app_begin ] --END-- [ RunTime:0.004321s ]
NOTIC: [2] mysql_connect(): Access denied for user 'root'@'localhost' (using password: YES) D:\wamp\www\web1\lost_and_found\ThinkPHP\Library\Think\Db\Driver\Mysql.class.php 第 52 行.
ERR: Access denied for user 'root'@'localhost' (using password: YES)

[ 2014-02-21T21:21:46+08:00 ] 127.0.0.1 /web1/lost_and_found/index.php
INFO: [ app_begin ] --START--
INFO: Run Behavior\ReadHtmlCache [ RunTime:0.003589s ]
INFO: [ app_begin ] --END-- [ RunTime:0.005178s ]
INFO: [ view_parse ] --START--
INFO: [ template_filter ] --START--
INFO: Run Behavior\ContentReplace [ RunTime:0.000476s ]
INFO: [ template_filter ] --END-- [ RunTime:0.000764s ]
INFO: Run Behavior\ParseTemplate [ RunTime:0.031094s ]
INFO: [ view_parse ] --END-- [ RunTime:0.031507s ]
INFO: [ view_filter ] --START--
INFO: Run Behavior\WriteHtmlCache [ RunTime:0.002227s ]
INFO: [ view_filter ] --END-- [ RunTime:0.002497s ]
INFO: [ app_end ] --START--
INFO: Run Behavior\ShowPageTrace [ RunTime:0.002981s ]
INFO: [ app_end ] --END-- [ RunTime:0.003262s ]

[ 2014-02-21T21:21:47+08:00 ] 127.0.0.1 /web1/lost_and_found/index.php/Home/AddContent/index
INFO: [ app_begin ] --START--
INFO: Run Behavior\ReadHtmlCache [ RunTime:0.020382s ]
INFO: [ app_begin ] --END-- [ RunTime:0.033452s ]
NOTIC: [2] mysql_connect(): Access denied for user 'root'@'localhost' (using password: YES) D:\wamp\www\web1\lost_and_found\ThinkPHP\Library\Think\Db\Driver\Mysql.class.php 第 52 行.
ERR: Access denied for user 'root'@'localhost' (using password: YES)

[ 2014-02-21T21:23:56+08:00 ] 127.0.0.1 /web1/lost_and_found/index.php
INFO: [ app_begin ] --START--
INFO: Run Behavior\ReadHtmlCache [ RunTime:0.001968s ]
INFO: [ app_begin ] --END-- [ RunTime:0.004081s ]
INFO: [ view_parse ] --START--
INFO: [ template_filter ] --START--
INFO: Run Behavior\ContentReplace [ RunTime:0.000440s ]
INFO: [ template_filter ] --END-- [ RunTime:0.000708s ]
INFO: Run Behavior\ParseTemplate [ RunTime:0.060077s ]
INFO: [ view_parse ] --END-- [ RunTime:0.060398s ]
INFO: [ view_filter ] --START--
INFO: Run Behavior\WriteHtmlCache [ RunTime:0.004572s ]
INFO: [ view_filter ] --END-- [ RunTime:0.004864s ]
INFO: [ app_end ] --START--
INFO: Run Behavior\ShowPageTrace [ RunTime:0.002102s ]
INFO: [ app_end ] --END-- [ RunTime:0.002389s ]

[ 2014-02-21T21:23:56+08:00 ] 127.0.0.1 /web1/lost_and_found/index.php/Home/AddContent/index
INFO: [ app_begin ] --START--
INFO: Run Behavior\ReadHtmlCache [ RunTime:0.001860s ]
INFO: [ app_begin ] --END-- [ RunTime:0.003076s ]
NOTIC: [2] mysql_connect(): Access denied for user 'root'@'localhost' (using password: YES) D:\wamp\www\web1\lost_and_found\ThinkPHP\Library\Think\Db\Driver\Mysql.class.php 第 52 行.
ERR: Access denied for user 'root'@'localhost' (using password: YES)

[ 2014-02-21T21:26:21+08:00 ] 127.0.0.1 /web1/lost_and_found/index.php
INFO: [ app_begin ] --START--
INFO: Run Behavior\ReadHtmlCache [ RunTime:0.001503s ]
INFO: [ app_begin ] --END-- [ RunTime:0.002442s ]
INFO: [ view_parse ] --START--
INFO: [ template_filter ] --START--
INFO: Run Behavior\ContentReplace [ RunTime:0.000490s ]
INFO: [ template_filter ] --END-- [ RunTime:0.000776s ]
INFO: Run Behavior\ParseTemplate [ RunTime:0.023571s ]
INFO: [ view_parse ] --END-- [ RunTime:0.023897s ]
INFO: [ view_filter ] --START--
INFO: Run Behavior\WriteHtmlCache [ RunTime:0.001183s ]
INFO: [ view_filter ] --END-- [ RunTime:0.001457s ]
INFO: [ app_end ] --START--
INFO: Run Behavior\ShowPageTrace [ RunTime:0.001534s ]
INFO: [ app_end ] --END-- [ RunTime:0.001802s ]

[ 2014-02-21T21:26:21+08:00 ] 127.0.0.1 /web1/lost_and_found/index.php/Home/AddContent/index
INFO: [ app_begin ] --START--
INFO: Run Behavior\ReadHtmlCache [ RunTime:0.001433s ]
INFO: [ app_begin ] --END-- [ RunTime:0.002341s ]
NOTIC: [2] mysql_connect(): Access denied for user 'root'@'localhost' (using password: YES) D:\wamp\www\web1\lost_and_found\ThinkPHP\Library\Think\Db\Driver\Mysql.class.php 第 52 行.
ERR: Access denied for user 'root'@'localhost' (using password: YES)

[ 2014-02-21T21:28:22+08:00 ] 127.0.0.1 /web1/lost_and_found/index.php
INFO: [ app_begin ] --START--
INFO: Run Behavior\ReadHtmlCache [ RunTime:0.001608s ]
INFO: [ app_begin ] --END-- [ RunTime:0.002657s ]
INFO: [ view_parse ] --START--
INFO: [ template_filter ] --START--
INFO: Run Behavior\ContentReplace [ RunTime:0.000545s ]
INFO: [ template_filter ] --END-- [ RunTime:0.000909s ]
INFO: Run Behavior\ParseTemplate [ RunTime:0.025087s ]
INFO: [ view_parse ] --END-- [ RunTime:0.025411s ]
INFO: [ view_filter ] --START--
INFO: Run Behavior\WriteHtmlCache [ RunTime:0.001070s ]
INFO: [ view_filter ] --END-- [ RunTime:0.001392s ]
INFO: [ app_end ] --START--
INFO: Run Behavior\ShowPageTrace [ RunTime:0.002153s ]
INFO: [ app_end ] --END-- [ RunTime:0.002426s ]

[ 2014-02-21T21:28:22+08:00 ] 127.0.0.1 /web1/lost_and_found/index.php/Home/AddContent/index
INFO: [ app_begin ] --START--
INFO: Run Behavior\ReadHtmlCache [ RunTime:0.001496s ]
INFO: [ app_begin ] --END-- [ RunTime:0.002647s ]
NOTIC: [2] mysql_connect(): Access denied for user 'root'@'localhost' (using password: YES) D:\wamp\www\web1\lost_and_found\ThinkPHP\Library\Think\Db\Driver\Mysql.class.php 第 52 行.
ERR: Access denied for user 'root'@'localhost' (using password: YES)

[ 2014-02-21T21:28:53+08:00 ] 127.0.0.1 /web1/lost_and_found/index.php/home/FormHandle/picksform
INFO: [ app_begin ] --START--
INFO: Run Behavior\ReadHtmlCache [ RunTime:0.001477s ]
INFO: [ app_begin ] --END-- [ RunTime:0.002412s ]
NOTIC: [2] mysql_connect(): Access denied for user 'root'@'localhost' (using password: YES) D:\wamp\www\web1\lost_and_found\ThinkPHP\Library\Think\Db\Driver\Mysql.class.php 第 52 行.
ERR: Access denied for user 'root'@'localhost' (using password: YES)

[ 2014-02-21T21:30:24+08:00 ] 127.0.0.1 /web1/lost_and_found/index.php
INFO: [ app_begin ] --START--
INFO: Run Behavior\ReadHtmlCache [ RunTime:0.001805s ]
INFO: [ app_begin ] --END-- [ RunTime:0.003086s ]
INFO: [ view_parse ] --START--
INFO: [ template_filter ] --START--
INFO: Run Behavior\ContentReplace [ RunTime:0.000443s ]
INFO: [ template_filter ] --END-- [ RunTime:0.000721s ]
INFO: Run Behavior\ParseTemplate [ RunTime:0.024543s ]
INFO: [ view_parse ] --END-- [ RunTime:0.024868s ]
INFO: [ view_filter ] --START--
INFO: Run Behavior\WriteHtmlCache [ RunTime:0.001248s ]
INFO: [ view_filter ] --END-- [ RunTime:0.001520s ]
INFO: [ app_end ] --START--
INFO: Run Behavior\ShowPageTrace [ RunTime:0.001537s ]
INFO: [ app_end ] --END-- [ RunTime:0.001809s ]

[ 2014-02-21T21:30:24+08:00 ] 127.0.0.1 /web1/lost_and_found/index.php/Home/AddContent/index
INFO: [ app_begin ] --START--
INFO: Run Behavior\ReadHtmlCache [ RunTime:0.002030s ]
INFO: [ app_begin ] --END-- [ RunTime:0.003035s ]
NOTIC: [2] mysql_connect(): Access denied for user 'root'@'localhost' (using password: YES) D:\wamp\www\web1\lost_and_found\ThinkPHP\Library\Think\Db\Driver\Mysql.class.php 第 52 行.
ERR: Access denied for user 'root'@'localhost' (using password: YES)

[ 2014-02-21T21:39:01+08:00 ] 127.0.0.1 /web1/lost_and_found/index.php
INFO: [ app_begin ] --START--
INFO: Run Behavior\ReadHtmlCache [ RunTime:0.001585s ]
INFO: [ app_begin ] --END-- [ RunTime:0.002632s ]
INFO: [ view_parse ] --START--
INFO: [ template_filter ] --START--
INFO: Run Behavior\ContentReplace [ RunTime:0.000476s ]
INFO: [ template_filter ] --END-- [ RunTime:0.001083s ]
INFO: Run Behavior\ParseTemplate [ RunTime:0.025837s ]
INFO: [ view_parse ] --END-- [ RunTime:0.026156s ]
INFO: [ view_filter ] --START--
INFO: Run Behavior\WriteHtmlCache [ RunTime:0.001019s ]
INFO: [ view_filter ] --END-- [ RunTime:0.001293s ]
INFO: [ app_end ] --START--
INFO: Run Behavior\ShowPageTrace [ RunTime:0.001489s ]
INFO: [ app_end ] --END-- [ RunTime:0.001772s ]

[ 2014-02-21T21:39:01+08:00 ] 127.0.0.1 /web1/lost_and_found/index.php/Home/AddContent/index
INFO: [ app_begin ] --START--
INFO: Run Behavior\ReadHtmlCache [ RunTime:0.001935s ]
INFO: [ app_begin ] --END-- [ RunTime:0.003009s ]
NOTIC: [2] mysql_connect(): Access denied for user 'root'@'localhost' (using password: YES) D:\wamp\www\web1\lost_and_found\ThinkPHP\Library\Think\Db\Driver\Mysql.class.php 第 52 行.
ERR: Access denied for user 'root'@'localhost' (using password: YES)

[ 2014-02-21T21:39:40+08:00 ] 127.0.0.1 /web1/lost_and_found/index.php
INFO: [ app_begin ] --START--
INFO: Run Behavior\ReadHtmlCache [ RunTime:0.001481s ]
INFO: [ app_begin ] --END-- [ RunTime:0.002724s ]
INFO: [ view_parse ] --START--
INFO: [ template_filter ] --START--
INFO: Run Behavior\ContentReplace [ RunTime:0.000460s ]
INFO: [ template_filter ] --END-- [ RunTime:0.000733s ]
INFO: Run Behavior\ParseTemplate [ RunTime:0.025811s ]
INFO: [ view_parse ] --END-- [ RunTime:0.026118s ]
INFO: [ view_filter ] --START--
INFO: Run Behavior\WriteHtmlCache [ RunTime:0.001042s ]
INFO: [ view_filter ] --END-- [ RunTime:0.001298s ]
INFO: [ app_end ] --START--
INFO: Run Behavior\ShowPageTrace [ RunTime:0.001475s ]
INFO: [ app_end ] --END-- [ RunTime:0.001729s ]

[ 2014-02-21T21:39:41+08:00 ] 127.0.0.1 /web1/lost_and_found/index.php/Home/AddContent/index
INFO: [ app_begin ] --START--
INFO: Run Behavior\ReadHtmlCache [ RunTime:0.001515s ]
INFO: [ app_begin ] --END-- [ RunTime:0.002705s ]
NOTIC: [2] mysql_connect(): Access denied for user 'root'@'localhost' (using password: YES) D:\wamp\www\web1\lost_and_found\ThinkPHP\Library\Think\Db\Driver\Mysql.class.php 第 52 行.
ERR: Access denied for user 'root'@'localhost' (using password: YES)

[ 2014-02-21T21:40:36+08:00 ] 127.0.0.1 /web1/lost_and_found/index.php
INFO: [ app_begin ] --START--
INFO: Run Behavior\ReadHtmlCache [ RunTime:0.001516s ]
INFO: [ app_begin ] --END-- [ RunTime:0.002545s ]
INFO: [ view_parse ] --START--
INFO: [ template_filter ] --START--
INFO: Run Behavior\ContentReplace [ RunTime:0.000458s ]
INFO: [ template_filter ] --END-- [ RunTime:0.000744s ]
INFO: Run Behavior\ParseTemplate [ RunTime:0.025092s ]
INFO: [ view_parse ] --END-- [ RunTime:0.025411s ]
INFO: [ view_filter ] --START--
INFO: Run Behavior\WriteHtmlCache [ RunTime:0.001023s ]
INFO: [ view_filter ] --END-- [ RunTime:0.001280s ]
INFO: [ app_end ] --START--
INFO: Run Behavior\ShowPageTrace [ RunTime:0.001445s ]
INFO: [ app_end ] --END-- [ RunTime:0.001702s ]

[ 2014-02-21T21:40:36+08:00 ] 127.0.0.1 /web1/lost_and_found/index.php/Home/AddContent/index
INFO: [ app_begin ] --START--
INFO: Run Behavior\ReadHtmlCache [ RunTime:0.001600s ]
INFO: [ app_begin ] --END-- [ RunTime:0.002584s ]
NOTIC: [2] mysql_connect(): Access denied for user 'root'@'localhost' (using password: YES) D:\wamp\www\web1\lost_and_found\ThinkPHP\Library\Think\Db\Driver\Mysql.class.php 第 52 行.
ERR: Access denied for user 'root'@'localhost' (using password: YES)

[ 2014-02-21T21:41:26+08:00 ] 127.0.0.1 /web1/lost_and_found/index.php
INFO: [ app_begin ] --START--
INFO: Run Behavior\ReadHtmlCache [ RunTime:0.001263s ]
INFO: [ app_begin ] --END-- [ RunTime:0.002538s ]
INFO: [ view_parse ] --START--
INFO: [ template_filter ] --START--
INFO: Run Behavior\ContentReplace [ RunTime:0.000415s ]
INFO: [ template_filter ] --END-- [ RunTime:0.000832s ]
INFO: Run Behavior\ParseTemplate [ RunTime:0.024061s ]
INFO: [ view_parse ] --END-- [ RunTime:0.024800s ]
INFO: [ view_filter ] --START--
INFO: Run Behavior\WriteHtmlCache [ RunTime:0.000714s ]
INFO: [ view_filter ] --END-- [ RunTime:0.000967s ]
INFO: [ app_end ] --START--
INFO: Run Behavior\ShowPageTrace [ RunTime:0.001230s ]
INFO: [ app_end ] --END-- [ RunTime:0.001501s ]

[ 2014-02-21T21:41:27+08:00 ] 127.0.0.1 /web1/lost_and_found/index.php/Home/AddContent/index
INFO: [ app_begin ] --START--
INFO: Run Behavior\ReadHtmlCache [ RunTime:0.001022s ]
INFO: [ app_begin ] --END-- [ RunTime:0.002004s ]
NOTIC: [2] mysql_connect(): Access denied for user 'root'@'localhost' (using password: YES) D:\wamp\www\web1\lost_and_found\ThinkPHP\Library\Think\Db\Driver\Mysql.class.php 第 52 行.
ERR: Access denied for user 'root'@'localhost' (using password: YES)

[ 2014-02-21T21:42:30+08:00 ] 127.0.0.1 /web1/lost_and_found/index.php
INFO: [ app_begin ] --START--
INFO: Run Behavior\ReadHtmlCache [ RunTime:0.001230s ]
INFO: [ app_begin ] --END-- [ RunTime:0.002134s ]
INFO: [ view_parse ] --START--
INFO: [ template_filter ] --START--
INFO: Run Behavior\ContentReplace [ RunTime:0.000434s ]
INFO: [ template_filter ] --END-- [ RunTime:0.000700s ]
INFO: Run Behavior\ParseTemplate [ RunTime:0.022467s ]
INFO: [ view_parse ] --END-- [ RunTime:0.022759s ]
INFO: [ view_filter ] --START--
INFO: Run Behavior\WriteHtmlCache [ RunTime:0.000581s ]
INFO: [ view_filter ] --END-- [ RunTime:0.000832s ]
INFO: [ app_end ] --START--
INFO: Run Behavior\ShowPageTrace [ RunTime:0.001018s ]
INFO: [ app_end ] --END-- [ RunTime:0.001284s ]

[ 2014-02-21T21:42:30+08:00 ] 127.0.0.1 /web1/lost_and_found/index.php/Home/AddContent/index
INFO: [ app_begin ] --START--
INFO: Run Behavior\ReadHtmlCache [ RunTime:0.001074s ]
INFO: [ app_begin ] --END-- [ RunTime:0.002298s ]
NOTIC: [2] mysql_connect(): Access denied for user 'root'@'localhost' (using password: YES) D:\wamp\www\web1\lost_and_found\ThinkPHP\Library\Think\Db\Driver\Mysql.class.php 第 52 行.
ERR: Access denied for user 'root'@'localhost' (using password: YES)

[ 2014-02-21T21:45:40+08:00 ] 127.0.0.1 /web1/lost_and_found/index.php
INFO: [ app_begin ] --START--
INFO: Run Behavior\ReadHtmlCache [ RunTime:0.001180s ]
INFO: [ app_begin ] --END-- [ RunTime:0.002136s ]
INFO: [ view_parse ] --START--
INFO: [ template_filter ] --START--
INFO: Run Behavior\ContentReplace [ RunTime:0.000481s ]
INFO: [ template_filter ] --END-- [ RunTime:0.001038s ]
INFO: Run Behavior\ParseTemplate [ RunTime:0.023180s ]
INFO: [ view_parse ] --END-- [ RunTime:0.023490s ]
INFO: [ view_filter ] --START--
INFO: Run Behavior\WriteHtmlCache [ RunTime:0.001149s ]
INFO: [ view_filter ] --END-- [ RunTime:0.001428s ]
INFO: [ app_end ] --START--
INFO: Run Behavior\ShowPageTrace [ RunTime:0.001267s ]
INFO: [ app_end ] --END-- [ RunTime:0.001541s ]

[ 2014-02-21T21:45:41+08:00 ] 127.0.0.1 /web1/lost_and_found/index.php/Home/AddContent/index
INFO: [ app_begin ] --START--
INFO: Run Behavior\ReadHtmlCache [ RunTime:0.003375s ]
INFO: [ app_begin ] --END-- [ RunTime:0.004381s ]
NOTIC: [2] mysql_connect(): Access denied for user 'root'@'localhost' (using password: YES) D:\wamp\www\web1\lost_and_found\ThinkPHP\Library\Think\Db\Driver\Mysql.class.php 第 52 行.
ERR: Access denied for user 'root'@'localhost' (using password: YES)

[ 2014-02-21T21:46:35+08:00 ] 127.0.0.1 /web1/lost_and_found/index.php
INFO: [ app_begin ] --START--
INFO: Run Behavior\ReadHtmlCache [ RunTime:0.001418s ]
INFO: [ app_begin ] --END-- [ RunTime:0.002514s ]
INFO: [ view_parse ] --START--
INFO: [ template_filter ] --START--
INFO: Run Behavior\ContentReplace [ RunTime:0.000412s ]
INFO: [ template_filter ] --END-- [ RunTime:0.000681s ]
INFO: Run Behavior\ParseTemplate [ RunTime:0.024856s ]
INFO: [ view_parse ] --END-- [ RunTime:0.025174s ]
INFO: [ view_filter ] --START--
INFO: Run Behavior\WriteHtmlCache [ RunTime:0.001024s ]
INFO: [ view_filter ] --END-- [ RunTime:0.001292s ]
INFO: [ app_end ] --START--
INFO: Run Behavior\ShowPageTrace [ RunTime:0.001497s ]
INFO: [ app_end ] --END-- [ RunTime:0.001772s ]

[ 2014-02-21T21:46:35+08:00 ] 127.0.0.1 /web1/lost_and_found/index.php/Home/AddContent/index
INFO: [ app_begin ] --START--
INFO: Run Behavior\ReadHtmlCache [ RunTime:0.001977s ]
INFO: [ app_begin ] --END-- [ RunTime:0.003053s ]
NOTIC: [2] mysql_connect(): Access denied for user 'root'@'localhost' (using password: YES) D:\wamp\www\web1\lost_and_found\ThinkPHP\Library\Think\Db\Driver\Mysql.class.php 第 52 行.
ERR: Access denied for user 'root'@'localhost' (using password: YES)

[ 2014-02-21T21:48:02+08:00 ] 127.0.0.1 /web1/lost_and_found/index.php
INFO: [ app_begin ] --START--
INFO: Run Behavior\ReadHtmlCache [ RunTime:0.002015s ]
INFO: [ app_begin ] --END-- [ RunTime:0.003069s ]
INFO: [ view_parse ] --START--
INFO: [ template_filter ] --START--
INFO: Run Behavior\ContentReplace [ RunTime:0.000440s ]
INFO: [ template_filter ] --END-- [ RunTime:0.000718s ]
INFO: Run Behavior\ParseTemplate [ RunTime:0.026038s ]
INFO: [ view_parse ] --END-- [ RunTime:0.026347s ]
INFO: [ view_filter ] --START--
INFO: Run Behavior\WriteHtmlCache [ RunTime:0.001250s ]
INFO: [ view_filter ] --END-- [ RunTime:0.001509s ]
INFO: [ app_end ] --START--
INFO: Run Behavior\ShowPageTrace [ RunTime:0.001792s ]
INFO: [ app_end ] --END-- [ RunTime:0.002279s ]

[ 2014-02-21T21:48:02+08:00 ] 127.0.0.1 /web1/lost_and_found/index.php/Home/AddContent/index
INFO: [ app_begin ] --START--
INFO: Run Behavior\ReadHtmlCache [ RunTime:0.003976s ]
INFO: [ app_begin ] --END-- [ RunTime:0.005758s ]
NOTIC: [2] mysql_connect(): Access denied for user 'root'@'localhost' (using password: YES) D:\wamp\www\web1\lost_and_found\ThinkPHP\Library\Think\Db\Driver\Mysql.class.php 第 52 行.
ERR: Access denied for user 'root'@'localhost' (using password: YES)

[ 2014-02-21T21:50:23+08:00 ] 127.0.0.1 /web1/lost_and_found/index.php
INFO: [ app_begin ] --START--
INFO: Run Behavior\ReadHtmlCache [ RunTime:0.001525s ]
INFO: [ app_begin ] --END-- [ RunTime:0.002471s ]
INFO: [ view_parse ] --START--
INFO: [ template_filter ] --START--
INFO: Run Behavior\ContentReplace [ RunTime:0.000451s ]
INFO: [ template_filter ] --END-- [ RunTime:0.000730s ]
INFO: Run Behavior\ParseTemplate [ RunTime:0.025528s ]
INFO: [ view_parse ] --END-- [ RunTime:0.025918s ]
INFO: [ view_filter ] --START--
INFO: Run Behavior\WriteHtmlCache [ RunTime:0.001020s ]
INFO: [ view_filter ] --END-- [ RunTime:0.001299s ]
INFO: [ app_end ] --START--
INFO: Run Behavior\ShowPageTrace [ RunTime:0.002024s ]
INFO: [ app_end ] --END-- [ RunTime:0.002360s ]

[ 2014-02-21T21:50:23+08:00 ] 127.0.0.1 /web1/lost_and_found/index.php/Home/AddContent/index
INFO: [ app_begin ] --START--
INFO: Run Behavior\ReadHtmlCache [ RunTime:0.001416s ]
INFO: [ app_begin ] --END-- [ RunTime:0.002321s ]
NOTIC: [2] mysql_connect(): Access denied for user 'root'@'localhost' (using password: YES) D:\wamp\www\web1\lost_and_found\ThinkPHP\Library\Think\Db\Driver\Mysql.class.php 第 52 行.
ERR: Access denied for user 'root'@'localhost' (using password: YES)

[ 2014-02-21T21:51:56+08:00 ] 127.0.0.1 /web1/lost_and_found/index.php
INFO: [ app_begin ] --START--
INFO: Run Behavior\ReadHtmlCache [ RunTime:0.005261s ]
INFO: [ app_begin ] --END-- [ RunTime:0.006454s ]
INFO: [ view_parse ] --START--
INFO: [ template_filter ] --START--
INFO: Run Behavior\ContentReplace [ RunTime:0.000461s ]
INFO: [ template_filter ] --END-- [ RunTime:0.000865s ]
INFO: Run Behavior\ParseTemplate [ RunTime:0.027298s ]
INFO: [ view_parse ] --END-- [ RunTime:0.027874s ]
INFO: [ view_filter ] --START--
INFO: Run Behavior\WriteHtmlCache [ RunTime:0.001169s ]
INFO: [ view_filter ] --END-- [ RunTime:0.001487s ]
INFO: [ app_end ] --START--
INFO: Run Behavior\ShowPageTrace [ RunTime:0.001576s ]
INFO: [ app_end ] --END-- [ RunTime:0.001910s ]

[ 2014-02-21T21:51:56+08:00 ] 127.0.0.1 /web1/lost_and_found/index.php/Home/AddContent/index
INFO: [ app_begin ] --START--
INFO: Run Behavior\ReadHtmlCache [ RunTime:0.002067s ]
INFO: [ app_begin ] --END-- [ RunTime:0.003160s ]
NOTIC: [2] mysql_connect(): Access denied for user 'root'@'localhost' (using password: YES) D:\wamp\www\web1\lost_and_found\ThinkPHP\Library\Think\Db\Driver\Mysql.class.php 第 52 行.
ERR: Access denied for user 'root'@'localhost' (using password: YES)

[ 2014-02-21T22:07:40+08:00 ] 127.0.0.1 /web1/lost_and_found/index.php
INFO: [ app_begin ] --START--
INFO: Run Behavior\ReadHtmlCache [ RunTime:0.001581s ]
INFO: [ app_begin ] --END-- [ RunTime:0.002860s ]
INFO: [ view_parse ] --START--
INFO: [ template_filter ] --START--
INFO: Run Behavior\ContentReplace [ RunTime:0.000497s ]
INFO: [ template_filter ] --END-- [ RunTime:0.002253s ]
INFO: Run Behavior\ParseTemplate [ RunTime:0.028834s ]
INFO: [ view_parse ] --END-- [ RunTime:0.029189s ]
INFO: [ view_filter ] --START--
INFO: Run Behavior\WriteHtmlCache [ RunTime:0.001139s ]
INFO: [ view_filter ] --END-- [ RunTime:0.001405s ]
INFO: [ app_end ] --START--
INFO: Run Behavior\ShowPageTrace [ RunTime:0.002172s ]
INFO: [ app_end ] --END-- [ RunTime:0.002467s ]

[ 2014-02-21T22:07:40+08:00 ] 127.0.0.1 /web1/lost_and_found/index.php
INFO: [ app_begin ] --START--
INFO: Run Behavior\ReadHtmlCache [ RunTime:0.001533s ]
INFO: [ app_begin ] --END-- [ RunTime:0.002567s ]
INFO: [ view_parse ] --START--
INFO: [ template_filter ] --START--
INFO: Run Behavior\ContentReplace [ RunTime:0.000854s ]
INFO: [ template_filter ] --END-- [ RunTime:0.001370s ]
INFO: Run Behavior\ParseTemplate [ RunTime:0.039551s ]
INFO: [ view_parse ] --END-- [ RunTime:0.039890s ]
INFO: [ view_filter ] --START--
INFO: Run Behavior\WriteHtmlCache [ RunTime:0.000964s ]
INFO: [ view_filter ] --END-- [ RunTime:0.001226s ]
INFO: [ app_end ] --START--
INFO: Run Behavior\ShowPageTrace [ RunTime:0.001548s ]
INFO: [ app_end ] --END-- [ RunTime:0.001957s ]

[ 2014-02-21T22:07:41+08:00 ] 127.0.0.1 /web1/lost_and_found/index.php/Home/AddContent/index
INFO: [ app_begin ] --START--
INFO: Run Behavior\ReadHtmlCache [ RunTime:0.001348s ]
INFO: [ app_begin ] --END-- [ RunTime:0.002306s ]
NOTIC: [2] mysql_connect(): Access denied for user 'root'@'localhost' (using password: YES) D:\wamp\www\web1\lost_and_found\ThinkPHP\Library\Think\Db\Driver\Mysql.class.php 第 52 行.
ERR: Access denied for user 'root'@'localhost' (using password: YES)

[ 2014-02-21T22:40:20+08:00 ] 127.0.0.1 /web1/lost_and_found/index.php
INFO: [ app_begin ] --START--
INFO: Run Behavior\ReadHtmlCache [ RunTime:0.005308s ]
INFO: [ app_begin ] --END-- [ RunTime:0.006482s ]
INFO: [ view_parse ] --START--
INFO: [ template_filter ] --START--
INFO: Run Behavior\ContentReplace [ RunTime:0.000455s ]
INFO: [ template_filter ] --END-- [ RunTime:0.000740s ]
INFO: Run Behavior\ParseTemplate [ RunTime:0.025671s ]
INFO: [ view_parse ] --END-- [ RunTime:0.025971s ]
INFO: [ view_filter ] --START--
INFO: Run Behavior\WriteHtmlCache [ RunTime:0.000908s ]
INFO: [ view_filter ] --END-- [ RunTime:0.001170s ]
INFO: [ app_end ] --START--
INFO: Run Behavior\ShowPageTrace [ RunTime:0.001282s ]
INFO: [ app_end ] --END-- [ RunTime:0.001565s ]

[ 2014-02-21T22:40:20+08:00 ] 127.0.0.1 /web1/lost_and_found/index.php/Home/AddContent/index
INFO: [ app_begin ] --START--
INFO: Run Behavior\ReadHtmlCache [ RunTime:0.001505s ]
INFO: [ app_begin ] --END-- [ RunTime:0.011078s ]
NOTIC: [2] mysql_connect(): Access denied for user 'root'@'localhost' (using password: YES) D:\wamp\www\web1\lost_and_found\ThinkPHP\Library\Think\Db\Driver\Mysql.class.php 第 52 行.
ERR: Access denied for user 'root'@'localhost' (using password: YES)

[ 2014-02-21T22:43:30+08:00 ] 127.0.0.1 /web1/lost_and_found/index.php
INFO: [ app_begin ] --START--
INFO: Run Behavior\ReadHtmlCache [ RunTime:0.001458s ]
INFO: [ app_begin ] --END-- [ RunTime:0.002406s ]
INFO: [ view_parse ] --START--
INFO: [ template_filter ] --START--
INFO: Run Behavior\ContentReplace [ RunTime:0.000456s ]
INFO: [ template_filter ] --END-- [ RunTime:0.000750s ]
INFO: Run Behavior\ParseTemplate [ RunTime:0.024289s ]
INFO: [ view_parse ] --END-- [ RunTime:0.024608s ]
INFO: [ view_filter ] --START--
INFO: Run Behavior\WriteHtmlCache [ RunTime:0.000991s ]
INFO: [ view_filter ] --END-- [ RunTime:0.001267s ]
INFO: [ app_end ] --START--
INFO: Run Behavior\ShowPageTrace [ RunTime:0.001771s ]
INFO: [ app_end ] --END-- [ RunTime:0.002339s ]

[ 2014-02-21T22:43:30+08:00 ] 127.0.0.1 /web1/lost_and_found/index.php/Home/AddContent/index
INFO: [ app_begin ] --START--
INFO: Run Behavior\ReadHtmlCache [ RunTime:0.001479s ]
INFO: [ app_begin ] --END-- [ RunTime:0.002419s ]
NOTIC: [2] mysql_connect(): Access denied for user 'root'@'localhost' (using password: YES) D:\wamp\www\web1\lost_and_found\ThinkPHP\Library\Think\Db\Driver\Mysql.class.php 第 52 行.
ERR: Access denied for user 'root'@'localhost' (using password: YES)

[ 2014-02-21T22:44:44+08:00 ] 127.0.0.1 /web1/lost_and_found/index.php
INFO: [ app_begin ] --START--
INFO: Run Behavior\ReadHtmlCache [ RunTime:0.001523s ]
INFO: [ app_begin ] --END-- [ RunTime:0.002477s ]
INFO: [ view_parse ] --START--
INFO: [ template_filter ] --START--
INFO: Run Behavior\ContentReplace [ RunTime:0.000459s ]
INFO: [ template_filter ] --END-- [ RunTime:0.000737s ]
INFO: Run Behavior\ParseTemplate [ RunTime:0.023474s ]
INFO: [ view_parse ] --END-- [ RunTime:0.023768s ]
INFO: [ view_filter ] --START--
INFO: Run Behavior\WriteHtmlCache [ RunTime:0.001228s ]
INFO: [ view_filter ] --END-- [ RunTime:0.001582s ]
INFO: [ app_end ] --START--
INFO: Run Behavior\ShowPageTrace [ RunTime:0.001296s ]
INFO: [ app_end ] --END-- [ RunTime:0.001563s ]

[ 2014-02-21T22:44:44+08:00 ] 127.0.0.1 /web1/lost_and_found/index.php/Home/AddContent/index
INFO: [ app_begin ] --START--
INFO: Run Behavior\ReadHtmlCache [ RunTime:0.002519s ]
INFO: [ app_begin ] --END-- [ RunTime:0.003464s ]
NOTIC: [2] mysql_connect(): Access denied for user 'root'@'localhost' (using password: YES) D:\wamp\www\web1\lost_and_found\ThinkPHP\Library\Think\Db\Driver\Mysql.class.php 第 52 行.
ERR: Access denied for user 'root'@'localhost' (using password: YES)

[ 2014-02-21T22:45:28+08:00 ] 127.0.0.1 /web1/lost_and_found/index.php
INFO: [ app_begin ] --START--
INFO: Run Behavior\ReadHtmlCache [ RunTime:0.001454s ]
INFO: [ app_begin ] --END-- [ RunTime:0.002618s ]
INFO: [ view_parse ] --START--
INFO: [ template_filter ] --START--
INFO: Run Behavior\ContentReplace [ RunTime:0.000454s ]
INFO: [ template_filter ] --END-- [ RunTime:0.000722s ]
INFO: Run Behavior\ParseTemplate [ RunTime:0.024903s ]
INFO: [ view_parse ] --END-- [ RunTime:0.025220s ]
INFO: [ view_filter ] --START--
INFO: Run Behavior\WriteHtmlCache [ RunTime:0.001446s ]
INFO: [ view_filter ] --END-- [ RunTime:0.001732s ]
INFO: [ app_end ] --START--
INFO: Run Behavior\ShowPageTrace [ RunTime:0.001500s ]
INFO: [ app_end ] --END-- [ RunTime:0.001768s ]

[ 2014-02-21T22:45:29+08:00 ] 127.0.0.1 /web1/lost_and_found/index.php/Home/AddContent/index
INFO: [ app_begin ] --START--
INFO: Run Behavior\ReadHtmlCache [ RunTime:0.001443s ]
INFO: [ app_begin ] --END-- [ RunTime:0.002392s ]
NOTIC: [2] mysql_connect(): Access denied for user 'root'@'localhost' (using password: YES) D:\wamp\www\web1\lost_and_found\ThinkPHP\Library\Think\Db\Driver\Mysql.class.php 第 52 行.
ERR: Access denied for user 'root'@'localhost' (using password: YES)

[ 2014-02-21T22:46:02+08:00 ] 127.0.0.1 /web1/lost_and_found/index.php
INFO: [ app_begin ] --START--
INFO: Run Behavior\ReadHtmlCache [ RunTime:0.002029s ]
INFO: [ app_begin ] --END-- [ RunTime:0.003102s ]
INFO: [ view_parse ] --START--
INFO: [ template_filter ] --START--
INFO: Run Behavior\ContentReplace [ RunTime:0.000469s ]
INFO: [ template_filter ] --END-- [ RunTime:0.000745s ]
INFO: Run Behavior\ParseTemplate [ RunTime:0.026770s ]
INFO: [ view_parse ] --END-- [ RunTime:0.027090s ]
INFO: [ view_filter ] --START--
INFO: Run Behavior\WriteHtmlCache [ RunTime:0.000978s ]
INFO: [ view_filter ] --END-- [ RunTime:0.001246s ]
INFO: [ app_end ] --START--
INFO: Run Behavior\ShowPageTrace [ RunTime:0.001403s ]
INFO: [ app_end ] --END-- [ RunTime:0.001675s ]

[ 2014-02-21T22:46:02+08:00 ] 127.0.0.1 /web1/lost_and_found/index.php/Home/AddContent/index
INFO: [ app_begin ] --START--
INFO: Run Behavior\ReadHtmlCache [ RunTime:0.001637s ]
INFO: [ app_begin ] --END-- [ RunTime:0.002649s ]
NOTIC: [2] mysql_connect(): Access denied for user 'root'@'localhost' (using password: YES) D:\wamp\www\web1\lost_and_found\ThinkPHP\Library\Think\Db\Driver\Mysql.class.php 第 52 行.
ERR: Access denied for user 'root'@'localhost' (using password: YES)

[ 2014-02-21T22:46:47+08:00 ] 127.0.0.1 /web1/lost_and_found/index.php
INFO: [ app_begin ] --START--
INFO: Run Behavior\ReadHtmlCache [ RunTime:0.001693s ]
INFO: [ app_begin ] --END-- [ RunTime:0.002849s ]
INFO: [ view_parse ] --START--
INFO: [ template_filter ] --START--
INFO: Run Behavior\ContentReplace [ RunTime:0.000421s ]
INFO: [ template_filter ] --END-- [ RunTime:0.000694s ]
INFO: Run Behavior\ParseTemplate [ RunTime:0.025312s ]
INFO: [ view_parse ] --END-- [ RunTime:0.025631s ]
INFO: [ view_filter ] --START--
INFO: Run Behavior\WriteHtmlCache [ RunTime:0.001012s ]
INFO: [ view_filter ] --END-- [ RunTime:0.001271s ]
INFO: [ app_end ] --START--
INFO: Run Behavior\ShowPageTrace [ RunTime:0.001497s ]
INFO: [ app_end ] --END-- [ RunTime:0.001776s ]

[ 2014-02-21T22:46:48+08:00 ] 127.0.0.1 /web1/lost_and_found/index.php/Home/AddContent/index
INFO: [ app_begin ] --START--
INFO: Run Behavior\ReadHtmlCache [ RunTime:0.001524s ]
INFO: [ app_begin ] --END-- [ RunTime:0.002517s ]
NOTIC: [2] mysql_connect(): Access denied for user 'root'@'localhost' (using password: YES) D:\wamp\www\web1\lost_and_found\ThinkPHP\Library\Think\Db\Driver\Mysql.class.php 第 52 行.
ERR: Access denied for user 'root'@'localhost' (using password: YES)

[ 2014-02-21T22:48:14+08:00 ] 127.0.0.1 /web1/lost_and_found/index.php
INFO: [ app_begin ] --START--
INFO: Run Behavior\ReadHtmlCache [ RunTime:0.001470s ]
INFO: [ app_begin ] --END-- [ RunTime:0.002414s ]
INFO: [ view_parse ] --START--
INFO: [ template_filter ] --START--
INFO: Run Behavior\ContentReplace [ RunTime:0.000454s ]
INFO: [ template_filter ] --END-- [ RunTime:0.000722s ]
INFO: Run Behavior\ParseTemplate [ RunTime:0.025676s ]
INFO: [ view_parse ] --END-- [ RunTime:0.026152s ]
INFO: [ view_filter ] --START--
INFO: Run Behavior\WriteHtmlCache [ RunTime:0.000991s ]
INFO: [ view_filter ] --END-- [ RunTime:0.001267s ]
INFO: [ app_end ] --START--
INFO: Run Behavior\ShowPageTrace [ RunTime:0.001510s ]
INFO: [ app_end ] --END-- [ RunTime:0.001781s ]

[ 2014-02-21T22:48:14+08:00 ] 127.0.0.1 /web1/lost_and_found/index.php/Home/AddContent/index
INFO: [ app_begin ] --START--
INFO: Run Behavior\ReadHtmlCache [ RunTime:0.001447s ]
INFO: [ app_begin ] --END-- [ RunTime:0.002363s ]
NOTIC: [2] mysql_connect(): Access denied for user 'root'@'localhost' (using password: YES) D:\wamp\www\web1\lost_and_found\ThinkPHP\Library\Think\Db\Driver\Mysql.class.php 第 52 行.
ERR: Access denied for user 'root'@'localhost' (using password: YES)

[ 2014-02-21T22:49:10+08:00 ] 127.0.0.1 /web1/lost_and_found/index.php
INFO: [ app_begin ] --START--
INFO: Run Behavior\ReadHtmlCache [ RunTime:0.001518s ]
INFO: [ app_begin ] --END-- [ RunTime:0.002520s ]
INFO: [ view_parse ] --START--
INFO: [ template_filter ] --START--
INFO: Run Behavior\ContentReplace [ RunTime:0.000451s ]
INFO: [ template_filter ] --END-- [ RunTime:0.000741s ]
INFO: Run Behavior\ParseTemplate [ RunTime:0.025595s ]
INFO: [ view_parse ] --END-- [ RunTime:0.025897s ]
INFO: [ view_filter ] --START--
INFO: Run Behavior\WriteHtmlCache [ RunTime:0.001024s ]
INFO: [ view_filter ] --END-- [ RunTime:0.001283s ]
INFO: [ app_end ] --START--
INFO: Run Behavior\ShowPageTrace [ RunTime:0.001462s ]
INFO: [ app_end ] --END-- [ RunTime:0.001737s ]

[ 2014-02-21T22:49:11+08:00 ] 127.0.0.1 /web1/lost_and_found/index.php/Home/AddContent/index
INFO: [ app_begin ] --START--
INFO: Run Behavior\ReadHtmlCache [ RunTime:0.001436s ]
INFO: [ app_begin ] --END-- [ RunTime:0.002400s ]
NOTIC: [2] mysql_connect(): Access denied for user 'root'@'localhost' (using password: YES) D:\wamp\www\web1\lost_and_found\ThinkPHP\Library\Think\Db\Driver\Mysql.class.php 第 52 行.
ERR: Access denied for user 'root'@'localhost' (using password: YES)

[ 2014-02-21T23:19:56+08:00 ] 127.0.0.1 /web1/lost_and_found/index.php
INFO: [ app_begin ] --START--
INFO: Run Behavior\ReadHtmlCache [ RunTime:0.001695s ]
INFO: [ app_begin ] --END-- [ RunTime:0.002733s ]
INFO: [ view_parse ] --START--
INFO: [ template_filter ] --START--
INFO: Run Behavior\ContentReplace [ RunTime:0.000431s ]
INFO: [ template_filter ] --END-- [ RunTime:0.000725s ]
INFO: Run Behavior\ParseTemplate [ RunTime:0.025823s ]
INFO: [ view_parse ] --END-- [ RunTime:0.026139s ]
INFO: [ view_filter ] --START--
INFO: Run Behavior\WriteHtmlCache [ RunTime:0.001060s ]
INFO: [ view_filter ] --END-- [ RunTime:0.001328s ]
INFO: [ app_end ] --START--
INFO: Run Behavior\ShowPageTrace [ RunTime:0.001710s ]
INFO: [ app_end ] --END-- [ RunTime:0.002184s ]

[ 2014-02-21T23:19:57+08:00 ] 127.0.0.1 /web1/lost_and_found/index.php/Home/AddContent/index
INFO: [ app_begin ] --START--
INFO: Run Behavior\ReadHtmlCache [ RunTime:0.001826s ]
INFO: [ app_begin ] --END-- [ RunTime:0.002901s ]
NOTIC: [2] mysql_connect(): Access denied for user 'root'@'localhost' (using password: YES) D:\wamp\www\web1\lost_and_found\ThinkPHP\Library\Think\Db\Driver\Mysql.class.php 第 52 行.
ERR: Access denied for user 'root'@'localhost' (using password: YES)

[ 2014-02-21T23:20:45+08:00 ] 127.0.0.1 /web1/lost_and_found/index.php
INFO: [ app_begin ] --START--
INFO: Run Behavior\ReadHtmlCache [ RunTime:0.001590s ]
INFO: [ app_begin ] --END-- [ RunTime:0.002590s ]
INFO: [ view_parse ] --START--
INFO: [ template_filter ] --START--
INFO: Run Behavior\ContentReplace [ RunTime:0.000424s ]
INFO: [ template_filter ] --END-- [ RunTime:0.000706s ]
INFO: Run Behavior\ParseTemplate [ RunTime:0.025107s ]
INFO: [ view_parse ] --END-- [ RunTime:0.025430s ]
INFO: [ view_filter ] --START--
INFO: Run Behavior\WriteHtmlCache [ RunTime:0.001105s ]
INFO: [ view_filter ] --END-- [ RunTime:0.001371s ]
INFO: [ app_end ] --START--
INFO: Run Behavior\ShowPageTrace [ RunTime:0.001464s ]
INFO: [ app_end ] --END-- [ RunTime:0.001737s ]

[ 2014-02-21T23:20:45+08:00 ] 127.0.0.1 /web1/lost_and_found/index.php/Home/AddContent/index
INFO: [ app_begin ] --START--
INFO: Run Behavior\ReadHtmlCache [ RunTime:0.001484s ]
INFO: [ app_begin ] --END-- [ RunTime:0.002459s ]
NOTIC: [2] mysql_connect(): Access denied for user 'root'@'localhost' (using password: YES) D:\wamp\www\web1\lost_and_found\ThinkPHP\Library\Think\Db\Driver\Mysql.class.php 第 52 行.
ERR: Access denied for user 'root'@'localhost' (using password: YES)

[ 2014-02-21T23:20:45+08:00 ] 127.0.0.1 /web1/lost_and_found/index.php
INFO: [ app_begin ] --START--
INFO: Run Behavior\ReadHtmlCache [ RunTime:0.001885s ]
INFO: [ app_begin ] --END-- [ RunTime:0.003024s ]
INFO: [ view_parse ] --START--
INFO: [ template_filter ] --START--
INFO: Run Behavior\ContentReplace [ RunTime:0.000417s ]
INFO: [ template_filter ] --END-- [ RunTime:0.000886s ]
INFO: Run Behavior\ParseTemplate [ RunTime:0.025364s ]
INFO: [ view_parse ] --END-- [ RunTime:0.025691s ]
INFO: [ view_filter ] --START--
INFO: Run Behavior\WriteHtmlCache [ RunTime:0.001042s ]
INFO: [ view_filter ] --END-- [ RunTime:0.001304s ]
INFO: [ app_end ] --START--
INFO: Run Behavior\ShowPageTrace [ RunTime:0.001524s ]
INFO: [ app_end ] --END-- [ RunTime:0.001793s ]

[ 2014-02-21T23:20:46+08:00 ] 127.0.0.1 /web1/lost_and_found/index.php/Home/AddContent/index
INFO: [ app_begin ] --START--
INFO: Run Behavior\ReadHtmlCache [ RunTime:0.004712s ]
INFO: [ app_begin ] --END-- [ RunTime:0.005731s ]
NOTIC: [2] mysql_connect(): Access denied for user 'root'@'localhost' (using password: YES) D:\wamp\www\web1\lost_and_found\ThinkPHP\Library\Think\Db\Driver\Mysql.class.php 第 52 行.
ERR: Access denied for user 'root'@'localhost' (using password: YES)

[ 2014-02-21T23:21:53+08:00 ] 127.0.0.1 /web1/lost_and_found/index.php
INFO: [ app_begin ] --START--
INFO: Run Behavior\ReadHtmlCache [ RunTime:0.001930s ]
INFO: [ app_begin ] --END-- [ RunTime:0.003016s ]
INFO: [ view_parse ] --START--
INFO: [ template_filter ] --START--
INFO: Run Behavior\ContentReplace [ RunTime:0.000459s ]
INFO: [ template_filter ] --END-- [ RunTime:0.000733s ]
INFO: Run Behavior\ParseTemplate [ RunTime:0.026105s ]
INFO: [ view_parse ] --END-- [ RunTime:0.026404s ]
INFO: [ view_filter ] --START--
INFO: Run Behavior\WriteHtmlCache [ RunTime:0.001229s ]
INFO: [ view_filter ] --END-- [ RunTime:0.001481s ]
INFO: [ app_end ] --START--
INFO: Run Behavior\ShowPageTrace [ RunTime:0.001718s ]
INFO: [ app_end ] --END-- [ RunTime:0.002000s ]

[ 2014-02-21T23:21:53+08:00 ] 127.0.0.1 /web1/lost_and_found/index.php/Home/AddContent/index
INFO: [ app_begin ] --START--
INFO: Run Behavior\ReadHtmlCache [ RunTime:0.005280s ]
INFO: [ app_begin ] --END-- [ RunTime:0.006341s ]
NOTIC: [2] mysql_connect(): Access denied for user 'root'@'localhost' (using password: YES) D:\wamp\www\web1\lost_and_found\ThinkPHP\Library\Think\Db\Driver\Mysql.class.php 第 52 行.
ERR: Access denied for user 'root'@'localhost' (using password: YES)

[ 2014-02-21T23:23:12+08:00 ] 127.0.0.1 /web1/lost_and_found/index.php
INFO: [ app_begin ] --START--
INFO: Run Behavior\ReadHtmlCache [ RunTime:0.002028s ]
INFO: [ app_begin ] --END-- [ RunTime:0.003128s ]
INFO: [ view_parse ] --START--
INFO: [ template_filter ] --START--
INFO: Run Behavior\ContentReplace [ RunTime:0.000423s ]
INFO: [ template_filter ] --END-- [ RunTime:0.001301s ]
INFO: Run Behavior\ParseTemplate [ RunTime:0.027092s ]
INFO: [ view_parse ] --END-- [ RunTime:0.027405s ]
INFO: [ view_filter ] --START--
INFO: Run Behavior\WriteHtmlCache [ RunTime:0.001280s ]
INFO: [ view_filter ] --END-- [ RunTime:0.001648s ]
INFO: [ app_end ] --START--
INFO: Run Behavior\ShowPageTrace [ RunTime:0.001680s ]
INFO: [ app_end ] --END-- [ RunTime:0.001970s ]

[ 2014-02-21T23:23:12+08:00 ] 127.0.0.1 /web1/lost_and_found/index.php/Home/AddContent/index
INFO: [ app_begin ] --START--
INFO: Run Behavior\ReadHtmlCache [ RunTime:0.004288s ]
INFO: [ app_begin ] --END-- [ RunTime:0.005362s ]
NOTIC: [2] mysql_connect(): Access denied for user 'root'@'localhost' (using password: YES) D:\wamp\www\web1\lost_and_found\ThinkPHP\Library\Think\Db\Driver\Mysql.class.php 第 52 行.
ERR: Access denied for user 'root'@'localhost' (using password: YES)

[ 2014-02-21T23:23:28+08:00 ] 127.0.0.1 /web1/lost_and_found/index.php
INFO: [ app_begin ] --START--
INFO: Run Behavior\ReadHtmlCache [ RunTime:0.002136s ]
INFO: [ app_begin ] --END-- [ RunTime:0.003178s ]
INFO: [ view_parse ] --START--
INFO: [ template_filter ] --START--
INFO: Run Behavior\ContentReplace [ RunTime:0.000418s ]
INFO: [ template_filter ] --END-- [ RunTime:0.000698s ]
INFO: Run Behavior\ParseTemplate [ RunTime:0.025316s ]
INFO: [ view_parse ] --END-- [ RunTime:0.025665s ]
INFO: [ view_filter ] --START--
INFO: Run Behavior\WriteHtmlCache [ RunTime:0.002163s ]
INFO: [ view_filter ] --END-- [ RunTime:0.002440s ]
INFO: [ app_end ] --START--
INFO: Run Behavior\ShowPageTrace [ RunTime:0.001725s ]
INFO: [ app_end ] --END-- [ RunTime:0.002003s ]

[ 2014-02-21T23:23:29+08:00 ] 127.0.0.1 /web1/lost_and_found/index.php/Home/AddContent/index
INFO: [ app_begin ] --START--
INFO: Run Behavior\ReadHtmlCache [ RunTime:0.001494s ]
INFO: [ app_begin ] --END-- [ RunTime:0.004067s ]
NOTIC: [2] mysql_connect(): Access denied for user 'root'@'localhost' (using password: YES) D:\wamp\www\web1\lost_and_found\ThinkPHP\Library\Think\Db\Driver\Mysql.class.php 第 52 行.
ERR: Access denied for user 'root'@'localhost' (using password: YES)

[ 2014-02-21T23:24:08+08:00 ] 127.0.0.1 /web1/lost_and_found/index.php
INFO: [ app_begin ] --START--
INFO: Run Behavior\ReadHtmlCache [ RunTime:0.001589s ]
INFO: [ app_begin ] --END-- [ RunTime:0.002615s ]
INFO: [ view_parse ] --START--
INFO: [ template_filter ] --START--
INFO: Run Behavior\ContentReplace [ RunTime:0.000443s ]
INFO: [ template_filter ] --END-- [ RunTime:0.000726s ]
INFO: Run Behavior\ParseTemplate [ RunTime:0.027458s ]
INFO: [ view_parse ] --END-- [ RunTime:0.027784s ]
INFO: [ view_filter ] --START--
INFO: Run Behavior\WriteHtmlCache [ RunTime:0.001057s ]
INFO: [ view_filter ] --END-- [ RunTime:0.001321s ]
INFO: [ app_end ] --START--
INFO: Run Behavior\ShowPageTrace [ RunTime:0.001516s ]
INFO: [ app_end ] --END-- [ RunTime:0.001808s ]

[ 2014-02-21T23:24:08+08:00 ] 127.0.0.1 /web1/lost_and_found/index.php/Home/AddContent/index
INFO: [ app_begin ] --START--
INFO: Run Behavior\ReadHtmlCache [ RunTime:0.001482s ]
INFO: [ app_begin ] --END-- [ RunTime:0.002452s ]
NOTIC: [2] mysql_connect(): Access denied for user 'root'@'localhost' (using password: YES) D:\wamp\www\web1\lost_and_found\ThinkPHP\Library\Think\Db\Driver\Mysql.class.php 第 52 行.
ERR: Access denied for user 'root'@'localhost' (using password: YES)

[ 2014-02-21T23:35:10+08:00 ] 127.0.0.1 /web1/lost_and_found/index.php
INFO: [ app_begin ] --START--
INFO: Run Behavior\ReadHtmlCache [ RunTime:0.002213s ]
INFO: [ app_begin ] --END-- [ RunTime:0.004742s ]
INFO: [ view_parse ] --START--
INFO: [ template_filter ] --START--
INFO: Run Behavior\ContentReplace [ RunTime:0.000456s ]
INFO: [ template_filter ] --END-- [ RunTime:0.000742s ]
INFO: Run Behavior\ParseTemplate [ RunTime:0.026859s ]
INFO: [ view_parse ] --END-- [ RunTime:0.027196s ]
INFO: [ view_filter ] --START--
INFO: Run Behavior\WriteHtmlCache [ RunTime:0.001215s ]
INFO: [ view_filter ] --END-- [ RunTime:0.001570s ]
INFO: [ app_end ] --START--
INFO: Run Behavior\ShowPageTrace [ RunTime:0.001691s ]
INFO: [ app_end ] --END-- [ RunTime:0.001978s ]

[ 2014-02-21T23:35:10+08:00 ] 127.0.0.1 /web1/lost_and_found/index.php/Home/AddContent/index
INFO: [ app_begin ] --START--
INFO: Run Behavior\ReadHtmlCache [ RunTime:0.002217s ]
INFO: [ app_begin ] --END-- [ RunTime:0.003217s ]
NOTIC: [2] mysql_connect(): Access denied for user 'root'@'localhost' (using password: YES) D:\wamp\www\web1\lost_and_found\ThinkPHP\Library\Think\Db\Driver\Mysql.class.php 第 52 行.
ERR: Access denied for user 'root'@'localhost' (using password: YES)

[ 2014-02-21T23:35:37+08:00 ] 127.0.0.1 /web1/lost_and_found/index.php
INFO: [ app_begin ] --START--
INFO: Run Behavior\ReadHtmlCache [ RunTime:0.001769s ]
INFO: [ app_begin ] --END-- [ RunTime:0.002918s ]
INFO: [ view_parse ] --START--
INFO: [ template_filter ] --START--
INFO: Run Behavior\ContentReplace [ RunTime:0.000449s ]
INFO: [ template_filter ] --END-- [ RunTime:0.000740s ]
INFO: Run Behavior\ParseTemplate [ RunTime:0.027315s ]
INFO: [ view_parse ] --END-- [ RunTime:0.027637s ]
INFO: [ view_filter ] --START--
INFO: Run Behavior\WriteHtmlCache [ RunTime:0.001024s ]
INFO: [ view_filter ] --END-- [ RunTime:0.001291s ]
INFO: [ app_end ] --START--
INFO: Run Behavior\ShowPageTrace [ RunTime:0.001585s ]
INFO: [ app_end ] --END-- [ RunTime:0.001869s ]

[ 2014-02-21T23:35:38+08:00 ] 127.0.0.1 /web1/lost_and_found/index.php/Home/AddContent/index
INFO: [ app_begin ] --START--
INFO: Run Behavior\ReadHtmlCache [ RunTime:0.001507s ]
INFO: [ app_begin ] --END-- [ RunTime:0.002512s ]
NOTIC: [2] mysql_connect(): Access denied for user 'root'@'localhost' (using password: YES) D:\wamp\www\web1\lost_and_found\ThinkPHP\Library\Think\Db\Driver\Mysql.class.php 第 52 行.
ERR: Access denied for user 'root'@'localhost' (using password: YES)

