[ 2014-03-10T21:06:49+08:00 ] 127.0.0.1 /1/lost_and_found/index.php
INFO: [ app_begin ] --START--
INFO: Run Behavior\ReadHtmlCache [ RunTime:0.000683s ]
INFO: [ app_begin ] --END-- [ RunTime:0.001037s ]
INFO: [ view_parse ] --START--
INFO: [ template_filter ] --START--
INFO: Run Behavior\ContentReplace [ RunTime:0.000191s ]
INFO: [ template_filter ] --END-- [ RunTime:0.000252s ]
INFO: Run Behavior\ParseTemplate [ RunTime:0.012321s ]
INFO: [ view_parse ] --END-- [ RunTime:0.012381s ]
INFO: [ view_filter ] --START--
INFO: Run Behavior\WriteHtmlCache [ RunTime:0.000419s ]
INFO: [ view_filter ] --END-- [ RunTime:0.000467s ]
INFO: [ app_end ] --START--
INFO: Run Behavior\ShowPageTrace [ RunTime:0.000698s ]
INFO: [ app_end ] --END-- [ RunTime:0.000763s ]

[ 2014-03-10T21:06:52+08:00 ] 127.0.0.1 /1/lost_and_found/index.php/Home/AddContent/index
INFO: [ app_begin ] --START--
INFO: Run Behavior\ReadHtmlCache [ RunTime:0.001115s ]
INFO: [ app_begin ] --END-- [ RunTime:0.001700s ]
ERR: 系统不支持:mysql

[ 2014-03-10T23:09:42+08:00 ] 127.0.0.1 /6/lost_and_found/index.php
INFO: [ app_begin ] --START--
INFO: Run Behavior\ReadHtmlCache [ RunTime:0.039072s ]
INFO: [ app_begin ] --END-- [ RunTime:0.194251s ]
INFO: [ view_parse ] --START--
INFO: [ template_filter ] --START--
INFO: Run Behavior\ContentReplace [ RunTime:0.000282s ]
INFO: [ template_filter ] --END-- [ RunTime:0.000475s ]
INFO: Run Behavior\ParseTemplate [ RunTime:0.290870s ]
INFO: [ view_parse ] --END-- [ RunTime:0.291125s ]
INFO: [ view_filter ] --START--
INFO: Run Behavior\WriteHtmlCache [ RunTime:0.099569s ]
INFO: [ view_filter ] --END-- [ RunTime:0.099733s ]
INFO: [ app_end ] --START--
INFO: Run Behavior\ShowPageTrace [ RunTime:0.037494s ]
INFO: [ app_end ] --END-- [ RunTime:0.037798s ]

[ 2014-03-10T23:10:08+08:00 ] 127.0.0.1 /6/lost_and_found/index.php/Home/AddContent/index
INFO: [ app_begin ] --START--
INFO: Run Behavior\ReadHtmlCache [ RunTime:0.000836s ]
INFO: [ app_begin ] --END-- [ RunTime:0.001415s ]
NOTIC: [2] mysql_connect(): Access denied for user 'root'@'localhost' (using password: YES) D:\web\wamp\www\6\lost_and_found\ThinkPHP\Library\Think\Db\Driver\Mysql.class.php 第 52 行.
ERR: Access denied for user 'root'@'localhost' (using password: YES)

[ 2014-03-10T23:10:43+08:00 ] 127.0.0.1 /6/lost_and_found/index.php
INFO: [ app_begin ] --START--
INFO: Run Behavior\ReadHtmlCache [ RunTime:0.001419s ]
INFO: [ app_begin ] --END-- [ RunTime:0.002681s ]
INFO: [ view_parse ] --START--
INFO: [ template_filter ] --START--
INFO: Run Behavior\ContentReplace [ RunTime:0.000425s ]
INFO: [ template_filter ] --END-- [ RunTime:0.000601s ]
INFO: Run Behavior\ParseTemplate [ RunTime:0.053389s ]
INFO: [ view_parse ] --END-- [ RunTime:0.053601s ]
INFO: [ view_filter ] --START--
INFO: Run Behavior\WriteHtmlCache [ RunTime:0.009078s ]
INFO: [ view_filter ] --END-- [ RunTime:0.009265s ]
INFO: [ app_end ] --START--
INFO: Run Behavior\ShowPageTrace [ RunTime:0.002342s ]
INFO: [ app_end ] --END-- [ RunTime:0.002484s ]

[ 2014-03-10T23:10:48+08:00 ] 127.0.0.1 /6/lost_and_found/index.php/Home/AddContent/index
INFO: [ app_begin ] --START--
INFO: Run Behavior\ReadHtmlCache [ RunTime:0.058635s ]
INFO: [ app_begin ] --END-- [ RunTime:0.089519s ]
SQL: SHOW COLUMNS FROM `loses` [ RunTime:1.293459s ]
NOTIC: [8] Undefined variable: losesTable D:\web\wamp\www\6\lost_and_found\Application\Home\Model\AddContentModel.class.php 第 11 行.
SQL: SHOW COLUMNS FROM `picks` [ RunTime:0.110876s ]
NOTIC: [8] Undefined variable: picksTable D:\web\wamp\www\6\lost_and_found\Application\Home\Model\AddContentModel.class.php 第 12 行.
NOTIC: [8] Undefined variable: losesTable D:\web\wamp\www\6\lost_and_found\Application\Home\Model\AddContentModel.class.php 第 47 行.
SQL: select lose_id from loses order by lose_id desc limit 1 [ RunTime:0.036510s ]
NOTIC: [8] Undefined variable: picksTable D:\web\wamp\www\6\lost_and_found\Application\Home\Model\AddContentModel.class.php 第 56 行.
SQL: select pick_id from picks order by pick_id desc limit 1 [ RunTime:0.000368s ]
NOTIC: [8] Undefined variable: losesTable D:\web\wamp\www\6\lost_and_found\Application\Home\Model\AddContentModel.class.php 第 70 行.
SQL: select update_time from loses 
			where ((type = 'stationery' or type = 'electronic' or type = 'card' or type = 'money' or type = 'keys' or type = 'others')) 
			and if_find=false 
			and lose_id < 9 
			order by lose_id desc limit 1 [ RunTime:0.068984s ]
NOTIC: [8] Undefined variable: picksTable D:\web\wamp\www\6\lost_and_found\Application\Home\Model\AddContentModel.class.php 第 82 行.
SQL: select update_time from picks 
			where ((type = 'stationery' or type = 'electronic' or type = 'card' or type = 'money' or type = 'keys' or type = 'others')) 
			and if_give_back=false 
			and pick_id < 10 
			order by pick_id desc limit 1 [ RunTime:0.014107s ]
NOTIC: [8] Undefined variable: picksTable D:\web\wamp\www\6\lost_and_found\Application\Home\Model\AddContentModel.class.php 第 140 行.
SQL: select pick_id,thing_name,place,datetime,thing_describe,picture_name,type 
					from picks where ((type = 'stationery' or type = 'electronic' or type = 'card' or type = 'money' or type = 'keys' or type = 'others')) 
					and if_give_back=false 
					and pick_id < 10 
					order by update_time desc,pick_id desc limit 1 [ RunTime:0.051389s ]
NOTIC: [8] Undefined variable: picksTable D:\web\wamp\www\6\lost_and_found\Application\Home\Model\AddContentModel.class.php 第 165 行.
SQL: select update_time from picks 
					where ((type = 'stationery' or type = 'electronic' or type = 'card' or type = 'money' or type = 'keys' or type = 'others')) 
					and if_give_back=false 
					and pick_id < 9 
					order by pick_id desc limit 1 [ RunTime:0.000474s ]
NOTIC: [8] Undefined variable: losesTable D:\web\wamp\www\6\lost_and_found\Application\Home\Model\AddContentModel.class.php 第 100 行.
SQL: select lose_id,thing_name,place,datetime,thing_describe,picture_name,type 
					from loses where ((type = 'stationery' or type = 'electronic' or type = 'card' or type = 'money' or type = 'keys' or type = 'others')) 
					and if_find=false 
					and lose_id < 9 
					order by update_time desc,lose_id desc limit 1 [ RunTime:0.000434s ]
NOTIC: [8] Undefined variable: losesTable D:\web\wamp\www\6\lost_and_found\Application\Home\Model\AddContentModel.class.php 第 126 行.
SQL: select update_time from loses 
					where ((type = 'stationery' or type = 'electronic' or type = 'card' or type = 'money' or type = 'keys' or type = 'others')) 
					and if_find=false 
					and lose_id < 8 
					order by lose_id desc limit 1 [ RunTime:0.000371s ]
NOTIC: [8] Undefined variable: losesTable D:\web\wamp\www\6\lost_and_found\Application\Home\Model\AddContentModel.class.php 第 100 行.
SQL: select lose_id,thing_name,place,datetime,thing_describe,picture_name,type 
					from loses where ((type = 'stationery' or type = 'electronic' or type = 'card' or type = 'money' or type = 'keys' or type = 'others')) 
					and if_find=false 
					and lose_id < 8 
					order by update_time desc,lose_id desc limit 1 [ RunTime:0.000375s ]
NOTIC: [8] Undefined variable: losesTable D:\web\wamp\www\6\lost_and_found\Application\Home\Model\AddContentModel.class.php 第 126 行.
SQL: select update_time from loses 
					where ((type = 'stationery' or type = 'electronic' or type = 'card' or type = 'money' or type = 'keys' or type = 'others')) 
					and if_find=false 
					and lose_id < 7 
					order by lose_id desc limit 1 [ RunTime:0.000331s ]
NOTIC: [2] getimagesize(Public/pictures/picks/): failed to open stream: No such file or directory D:\web\wamp\www\6\lost_and_found\Application\Home\Controller\AddContentController.class.php 第 33 行.
NOTIC: [8] Undefined index: content D:\web\wamp\www\6\lost_and_found\Application\Home\Controller\AddContentController.class.php 第 52 行.
INFO: [ view_parse ] --START--
INFO: [ template_filter ] --START--
INFO: Run Behavior\ContentReplace [ RunTime:0.000081s ]
INFO: [ template_filter ] --END-- [ RunTime:0.000255s ]
INFO: Run Behavior\ParseTemplate [ RunTime:0.085775s ]
INFO: [ view_parse ] --END-- [ RunTime:0.085948s ]
INFO: [ view_filter ] --START--
INFO: Run Behavior\WriteHtmlCache [ RunTime:0.007871s ]
INFO: [ view_filter ] --END-- [ RunTime:0.008088s ]
NOTIC: [2] getimagesize(Public/pictures/loses/): failed to open stream: No such file or directory D:\web\wamp\www\6\lost_and_found\Application\Home\Controller\AddContentController.class.php 第 33 行.
INFO: [ view_parse ] --START--
INFO: [ template_filter ] --START--
INFO: Run Behavior\ContentReplace [ RunTime:0.000094s ]
INFO: [ template_filter ] --END-- [ RunTime:-0.051676s ]
INFO: Run Behavior\ParseTemplate [ RunTime:0.005099s ]
INFO: [ view_parse ] --END-- [ RunTime:-0.046419s ]
INFO: [ view_filter ] --START--
INFO: Run Behavior\WriteHtmlCache [ RunTime:0.000029s ]
INFO: [ view_filter ] --END-- [ RunTime:-0.043617s ]
NOTIC: [2] getimagesize(Public/pictures/loses/0): failed to open stream: No such file or directory D:\web\wamp\www\6\lost_and_found\Application\Home\Controller\AddContentController.class.php 第 33 行.
INFO: [ view_parse ] --START--
INFO: [ template_filter ] --START--
INFO: Run Behavior\ContentReplace [ RunTime:0.000068s ]
INFO: [ template_filter ] --END-- [ RunTime:-0.058454s ]
INFO: Run Behavior\ParseTemplate [ RunTime:0.004507s ]
INFO: [ view_parse ] --END-- [ RunTime:-0.053383s ]
INFO: [ view_filter ] --START--
INFO: Run Behavior\WriteHtmlCache [ RunTime:0.000030s ]
INFO: [ view_filter ] --END-- [ RunTime:-0.049932s ]
INFO: [ app_end ] --START--
INFO: Run Behavior\ShowPageTrace [ RunTime:0.009668s ]
INFO: [ app_end ] --END-- [ RunTime:0.009869s ]

[ 2014-03-10T23:10:51+08:00 ] 127.0.0.1 /6/lost_and_found/index.php/Home/Detail/index
INFO: [ app_begin ] --START--
INFO: Run Behavior\ReadHtmlCache [ RunTime:0.000689s ]
INFO: [ app_begin ] --END-- [ RunTime:0.001273s ]
SQL: SHOW COLUMNS FROM `detail` [ RunTime:0.026060s ]
ERR: 1146:Table 'lost_and_found.detail' doesn't exist
 [ SQL语句 ] : SHOW COLUMNS FROM `detail`
SQL: select name,contact,thing_name,place,datetime,update_time,thing_describe,picture_name,type
			from loses 
			where lose_id = 8 [ RunTime:0.000451s ]
SQL: select comment,name,datetime from lose_comments
			where lose_id = 8 [ RunTime:0.613445s ]
NOTIC: [2] getimagesize(Public/pictures/loses/): failed to open stream: No such file or directory D:\web\wamp\www\6\lost_and_found\Application\Home\Controller\DetailController.class.php 第 32 行.
INFO: [ view_parse ] --START--
INFO: [ template_filter ] --START--
INFO: Run Behavior\ContentReplace [ RunTime:0.000174s ]
INFO: [ template_filter ] --END-- [ RunTime:0.000325s ]
INFO: Run Behavior\ParseTemplate [ RunTime:0.074986s ]
INFO: [ view_parse ] --END-- [ RunTime:0.075321s ]
INFO: [ view_filter ] --START--
INFO: Run Behavior\WriteHtmlCache [ RunTime:0.035657s ]
INFO: [ view_filter ] --END-- [ RunTime:0.035845s ]
INFO: [ app_end ] --START--
INFO: Run Behavior\ShowPageTrace [ RunTime:0.033388s ]
INFO: [ app_end ] --END-- [ RunTime:0.033578s ]

[ 2014-03-10T23:11:06+08:00 ] 127.0.0.1 /6/lost_and_found/index.php/Home/Detail/index
INFO: [ app_begin ] --START--
INFO: Run Behavior\ReadHtmlCache [ RunTime:0.002103s ]
INFO: [ app_begin ] --END-- [ RunTime:0.003447s ]
SQL: SHOW COLUMNS FROM `detail` [ RunTime:0.011237s ]
ERR: 1146:Table 'lost_and_found.detail' doesn't exist
 [ SQL语句 ] : SHOW COLUMNS FROM `detail`
SQL: select name,contact,thing_name,place,datetime,update_time,thing_describe,picture_name,type
			from picks 
			where pick_id = 9 [ RunTime:0.000588s ]
SQL: select comment,name,datetime from pick_comments
			where pick_id = 9 [ RunTime:0.162927s ]
NOTIC: [2] getimagesize(Public/pictures/picks/): failed to open stream: No such file or directory D:\web\wamp\www\6\lost_and_found\Application\Home\Controller\DetailController.class.php 第 32 行.
INFO: [ view_parse ] --START--
INFO: [ template_filter ] --START--
INFO: Run Behavior\ContentReplace [ RunTime:0.000075s ]
INFO: [ template_filter ] --END-- [ RunTime:0.000230s ]
INFO: Run Behavior\ParseTemplate [ RunTime:0.037875s ]
INFO: [ view_parse ] --END-- [ RunTime:0.038091s ]
INFO: [ view_filter ] --START--
INFO: Run Behavior\WriteHtmlCache [ RunTime:0.002247s ]
INFO: [ view_filter ] --END-- [ RunTime:0.002377s ]
INFO: [ app_end ] --START--
INFO: Run Behavior\ShowPageTrace [ RunTime:0.001661s ]
INFO: [ app_end ] --END-- [ RunTime:0.001761s ]

[ 2014-03-10T23:11:51+08:00 ] 127.0.0.1 /6/lost_and_found/index.php/Home/Manage/index
INFO: [ app_begin ] --START--
INFO: Run Behavior\ReadHtmlCache [ RunTime:0.003042s ]
INFO: [ app_begin ] --END-- [ RunTime:0.005090s ]
INFO: [ view_parse ] --START--
INFO: [ template_filter ] --START--
INFO: Run Behavior\ContentReplace [ RunTime:0.000111s ]
INFO: [ template_filter ] --END-- [ RunTime:0.000288s ]
INFO: Run Behavior\ParseTemplate [ RunTime:0.022149s ]
INFO: [ view_parse ] --END-- [ RunTime:0.022317s ]
INFO: [ view_filter ] --START--
INFO: Run Behavior\WriteHtmlCache [ RunTime:0.007270s ]
INFO: [ view_filter ] --END-- [ RunTime:0.007413s ]
INFO: [ app_end ] --START--
INFO: Run Behavior\ShowPageTrace [ RunTime:0.002011s ]
INFO: [ app_end ] --END-- [ RunTime:0.002158s ]

